/home/bureaux/miniconda3/envs/w2ner/bin/python /home/bureaux/Projects/W2NER/train.py --config ./config/changhai.json
2023-05-16 16:59:21 - INFO: dict_items([('dataset', 'changhai'), ('save_path', 'weights/changhai_fgm.pt'), ('vocab_path', 'weights/changhai.vocab'), ('dist_emb_size', 20), ('type_emb_size', 20), ('lstm_hid_size', 512), ('conv_hid_size', 96), ('bert_hid_size', 768), ('biaffine_size', 512), ('ffnn_hid_size', 288), ('dilation', [1, 2, 3]), ('emb_dropout', 0.5), ('conv_dropout', 0.5), ('out_dropout', 0.33), ('epochs', 30), ('batch_size', 2), ('learning_rate', 0.001), ('weight_decay', 0), ('clip_grad_norm', 5.0), ('bert_name', 'bert-base-chinese'), ('bert_learning_rate', 5e-06), ('warm_factor', 0.1), ('early_stop_patience', 3), ('use_bert_last_4_layers', True), ('seed', 123), ('config', './config/changhai.json'), ('device', 0)])
2023-05-16 16:59:21 - INFO: Loading Data
2023-05-16 16:59:22 - INFO:
+----------+-----------+----------+
| changhai | sentences | entities |
+----------+-----------+----------+
|  train   |    479    |   2503   |
|   dev    |    160    |   779    |
|   test   |     0     |    0     |
+----------+-----------+----------+
2023-05-16 16:59:58 - INFO: Building Model
Some weights of the model checkpoint at bert-base-chinese were not used when initializing BertModel: ['cls.predictions.transform.dense.bias', 'cls.predictions.transform.dense.weight', 'cls.predictions.transform.LayerNorm.bias', 'cls.predictions.transform.LayerNorm.weight', 'cls.predictions.bias', 'cls.predictions.decoder.weight', 'cls.seq_relationship.bias', 'cls.seq_relationship.weight']
- This IS expected if you are initializing BertModel from the checkpoint of a model trained on another task or with another architecture (e.g. initializing a BertForSequenceClassification model from a BertForPreTraining model).
- This IS NOT expected if you are initializing BertModel from the checkpoint of a model that you expect to be exactly identical (initializing a BertForSequenceClassification model from a BertForSequenceClassification model).
/home/bureaux/miniconda3/envs/w2ner/lib/python3.8/site-packages/transformers/optimization.py:306: FutureWarning: This implementation of AdamW is deprecated and will be removed in a future version. Use the PyTorch implementation torch.optim.AdamW instead, or set `no_deprecation_warning=True` to disable this warning
  warnings.warn(
2023-05-16 17:00:02 - INFO: ----------Epoch: 0----------
Training epoch 1: 100%|██████████| 239/239 [01:27<00:00,  2.72it/s]
2023-05-16 17:01:42 - INFO:
+---------+--------+--------+-----------+--------+
| Train 1 |  Loss  |   F1   | Precision | Recall |
+---------+--------+--------+-----------+--------+
|  Label  | 0.3819 | 0.0639 |   0.0667  | 0.0660 |
+---------+--------+--------+-----------+--------+
Epoch 1 dev set: 100%|██████████| 80/80 [00:09<00:00,  8.42it/s]
/home/bureaux/miniconda3/envs/w2ner/lib/python3.8/site-packages/sklearn/metrics/_classification.py:1344: UndefinedMetricWarning: Precision and F-score are ill-defined and being set to 0.0 in labels with no predicted samples. Use `zero_division` parameter to control this behavior.
  _warn_prf(average, modifier, msg_start, len(result))
2023-05-16 17:01:59 - INFO: VALID Label F1 [0.99990431 0.         0.         0.         0.         0.
 0.         0.         0.         0.         0.         0.
 0.         0.        ]
2023-05-16 17:01:59 - INFO:
+---------+--------+-----------+--------+
| VALID 1 |   F1   | Precision | Recall |
+---------+--------+-----------+--------+
|  Label  | 0.0714 |   0.0714  | 0.0714 |
|  Entity | 0.0000 |   0.0000  | 0.0000 |
+---------+--------+-----------+--------+
2023-05-16 17:01:59 - INFO: Saved model to weights/changhai_fgm.pt.
2023-05-16 17:01:59 - INFO: ----------Epoch: 1----------
Training epoch 2: 100%|██████████| 239/239 [01:30<00:00,  2.64it/s]
/home/bureaux/miniconda3/envs/w2ner/lib/python3.8/site-packages/sklearn/metrics/_classification.py:1344: UndefinedMetricWarning: Precision and F-score are ill-defined and being set to 0.0 in labels with no predicted samples. Use `zero_division` parameter to control this behavior.
  _warn_prf(average, modifier, msg_start, len(result))
2023-05-16 17:03:42 - INFO:
+---------+--------+--------+-----------+--------+
| Train 2 |  Loss  |   F1   | Precision | Recall |
+---------+--------+--------+-----------+--------+
|  Label  | 0.0019 | 0.0668 |   0.0842  | 0.0667 |
+---------+--------+--------+-----------+--------+
Epoch 2 dev set: 100%|██████████| 80/80 [00:09<00:00,  8.53it/s]
/home/bureaux/miniconda3/envs/w2ner/lib/python3.8/site-packages/sklearn/metrics/_classification.py:1344: UndefinedMetricWarning: Precision and F-score are ill-defined and being set to 0.0 in labels with no predicted samples. Use `zero_division` parameter to control this behavior.
  _warn_prf(average, modifier, msg_start, len(result))
2023-05-16 17:03:58 - INFO: VALID Label F1 [0.99990384 0.         0.         0.         0.         0.
 0.         0.         0.         0.         0.         0.
 0.         0.        ]
2023-05-16 17:03:58 - INFO:
+---------+--------+-----------+--------+
| VALID 2 |   F1   | Precision | Recall |
+---------+--------+-----------+--------+
|  Label  | 0.0714 |   0.0714  | 0.0714 |
|  Entity | 0.0000 |   0.0000  | 0.0000 |
+---------+--------+-----------+--------+
2023-05-16 17:03:59 - INFO: Saved model to weights/changhai_fgm.pt.
2023-05-16 17:03:59 - INFO: ----------Epoch: 2----------
Training epoch 3: 100%|██████████| 239/239 [01:39<00:00,  2.39it/s]
/home/bureaux/miniconda3/envs/w2ner/lib/python3.8/site-packages/sklearn/metrics/_classification.py:1344: UndefinedMetricWarning: Precision and F-score are ill-defined and being set to 0.0 in labels with no predicted samples. Use `zero_division` parameter to control this behavior.
  _warn_prf(average, modifier, msg_start, len(result))
2023-05-16 17:05:51 - INFO:
+---------+--------+--------+-----------+--------+
| Train 3 |  Loss  |   F1   | Precision | Recall |
+---------+--------+--------+-----------+--------+
|  Label  | 0.0013 | 0.1271 |   0.4436  | 0.1002 |
+---------+--------+--------+-----------+--------+
Epoch 3 dev set: 100%|██████████| 80/80 [00:09<00:00,  8.57it/s]
/home/bureaux/miniconda3/envs/w2ner/lib/python3.8/site-packages/sklearn/metrics/_classification.py:1344: UndefinedMetricWarning: Precision and F-score are ill-defined and being set to 0.0 in labels with no predicted samples. Use `zero_division` parameter to control this behavior.
  _warn_prf(average, modifier, msg_start, len(result))
2023-05-16 17:06:07 - INFO: VALID Label F1 [0.9999211  0.08471074 0.81818182 0.89171975 0.86956522 0.56756757
 0.         0.         0.         0.57591623 0.7826087  0.
 0.         0.        ]
2023-05-16 17:06:07 - INFO:
+---------+--------+-----------+--------+
| VALID 3 |   F1   | Precision | Recall |
+---------+--------+-----------+--------+
|  Label  | 0.3993 |   0.4776  | 0.3935 |
|  Entity | 0.0000 |   0.0000  | 0.0000 |
+---------+--------+-----------+--------+
2023-05-16 17:06:09 - INFO: Saved model to weights/changhai_fgm.pt.
2023-05-16 17:06:09 - INFO: ----------Epoch: 3----------
Training epoch 4: 100%|██████████| 239/239 [01:43<00:00,  2.32it/s]
/home/bureaux/miniconda3/envs/w2ner/lib/python3.8/site-packages/sklearn/metrics/_classification.py:1344: UndefinedMetricWarning: Precision and F-score are ill-defined and being set to 0.0 in labels with no predicted samples. Use `zero_division` parameter to control this behavior.
  _warn_prf(average, modifier, msg_start, len(result))
2023-05-16 17:08:04 - INFO:
+---------+--------+--------+-----------+--------+
| Train 4 |  Loss  |   F1   | Precision | Recall |
+---------+--------+--------+-----------+--------+
|  Label  | 0.0007 | 0.3753 |   0.4817  | 0.3161 |
+---------+--------+--------+-----------+--------+
Epoch 4 dev set: 100%|██████████| 80/80 [00:09<00:00,  8.31it/s]
/home/bureaux/miniconda3/envs/w2ner/lib/python3.8/site-packages/sklearn/metrics/_classification.py:1344: UndefinedMetricWarning: Precision and F-score are ill-defined and being set to 0.0 in labels with no predicted samples. Use `zero_division` parameter to control this behavior.
  _warn_prf(average, modifier, msg_start, len(result))
2023-05-16 17:08:21 - INFO: VALID Label F1 [0.9999698  0.9014233  0.85333333 0.68122271 0.84263959 0.59633028
 0.         0.         0.62162162 0.82608696 0.76233184 0.
 0.         0.        ]
2023-05-16 17:08:21 - INFO:
+---------+--------+-----------+--------+
| VALID 4 |   F1   | Precision | Recall |
+---------+--------+-----------+--------+
|  Label  | 0.5061 |   0.5171  | 0.5157 |
|  Entity | 0.7261 |   0.8424  | 0.6380 |
+---------+--------+-----------+--------+
2023-05-16 17:08:22 - INFO: Saved model to weights/changhai_fgm.pt.
2023-05-16 17:08:22 - INFO: ----------Epoch: 4----------
Training epoch 5: 100%|██████████| 239/239 [01:42<00:00,  2.32it/s]
/home/bureaux/miniconda3/envs/w2ner/lib/python3.8/site-packages/sklearn/metrics/_classification.py:1344: UndefinedMetricWarning: Precision and F-score are ill-defined and being set to 0.0 in labels with no predicted samples. Use `zero_division` parameter to control this behavior.
  _warn_prf(average, modifier, msg_start, len(result))
2023-05-16 17:10:17 - INFO:
+---------+--------+--------+-----------+--------+
| Train 5 |  Loss  |   F1   | Precision | Recall |
+---------+--------+--------+-----------+--------+
|  Label  | 0.0004 | 0.4627 |   0.5889  | 0.4206 |
+---------+--------+--------+-----------+--------+
Epoch 5 dev set: 100%|██████████| 80/80 [00:09<00:00,  8.37it/s]
/home/bureaux/miniconda3/envs/w2ner/lib/python3.8/site-packages/sklearn/metrics/_classification.py:1344: UndefinedMetricWarning: Precision and F-score are ill-defined and being set to 0.0 in labels with no predicted samples. Use `zero_division` parameter to control this behavior.
  _warn_prf(average, modifier, msg_start, len(result))
2023-05-16 17:10:34 - INFO: VALID Label F1 [0.99997896 0.92990904 0.8707483  0.84883721 0.88648649 0.70351759
 0.         0.         0.74008811 0.85714286 0.85294118 0.
 0.         0.        ]
2023-05-16 17:10:34 - INFO:
+---------+--------+-----------+--------+
| VALID 5 |   F1   | Precision | Recall |
+---------+--------+-----------+--------+
|  Label  | 0.5493 |   0.5928  | 0.5236 |
|  Entity | 0.7807 |   0.9695  | 0.6534 |
+---------+--------+-----------+--------+
2023-05-16 17:10:35 - INFO: Saved model to weights/changhai_fgm.pt.
2023-05-16 17:10:35 - INFO: ----------Epoch: 5----------
Training epoch 6: 100%|██████████| 239/239 [01:45<00:00,  2.28it/s]
/home/bureaux/miniconda3/envs/w2ner/lib/python3.8/site-packages/sklearn/metrics/_classification.py:1344: UndefinedMetricWarning: Precision and F-score are ill-defined and being set to 0.0 in labels with no predicted samples. Use `zero_division` parameter to control this behavior.
  _warn_prf(average, modifier, msg_start, len(result))
2023-05-16 17:12:31 - INFO:
+---------+--------+--------+-----------+--------+
| Train 6 |  Loss  |   F1   | Precision | Recall |
+---------+--------+--------+-----------+--------+
|  Label  | 0.0003 | 0.4876 |   0.6008  | 0.4503 |
+---------+--------+--------+-----------+--------+
Epoch 6 dev set: 100%|██████████| 80/80 [00:09<00:00,  8.43it/s]
/home/bureaux/miniconda3/envs/w2ner/lib/python3.8/site-packages/sklearn/metrics/_classification.py:1344: UndefinedMetricWarning: Precision and F-score are ill-defined and being set to 0.0 in labels with no predicted samples. Use `zero_division` parameter to control this behavior.
  _warn_prf(average, modifier, msg_start, len(result))
2023-05-16 17:12:48 - INFO: VALID Label F1 [0.99997714 0.93361884 0.75977654 0.9017341  0.8972973  0.7456446
 0.1        0.0625     0.75982533 0.83823529 0.71936759 0.
 0.         0.        ]
2023-05-16 17:12:48 - INFO:
+---------+--------+-----------+--------+
| VALID 6 |   F1   | Precision | Recall |
+---------+--------+-----------+--------+
|  Label  | 0.5513 |   0.6802  | 0.5638 |
|  Entity | 0.8267 |   0.9500  | 0.7317 |
+---------+--------+-----------+--------+
2023-05-16 17:12:49 - INFO: Saved model to weights/changhai_fgm.pt.
2023-05-16 17:12:49 - INFO: ----------Epoch: 6----------
Training epoch 7: 100%|██████████| 239/239 [01:42<00:00,  2.32it/s]
/home/bureaux/miniconda3/envs/w2ner/lib/python3.8/site-packages/sklearn/metrics/_classification.py:1344: UndefinedMetricWarning: Precision and F-score are ill-defined and being set to 0.0 in labels with no predicted samples. Use `zero_division` parameter to control this behavior.
  _warn_prf(average, modifier, msg_start, len(result))
2023-05-16 17:14:44 - INFO:
+---------+--------+--------+-----------+--------+
| Train 7 |  Loss  |   F1   | Precision | Recall |
+---------+--------+--------+-----------+--------+
|  Label  | 0.0003 | 0.5004 |   0.5766  | 0.4628 |
+---------+--------+--------+-----------+--------+
Epoch 7 dev set: 100%|██████████| 80/80 [00:09<00:00,  8.35it/s]
/home/bureaux/miniconda3/envs/w2ner/lib/python3.8/site-packages/sklearn/metrics/_classification.py:1344: UndefinedMetricWarning: Precision and F-score are ill-defined and being set to 0.0 in labels with no predicted samples. Use `zero_division` parameter to control this behavior.
  _warn_prf(average, modifier, msg_start, len(result))
2023-05-16 17:15:01 - INFO: VALID Label F1 [0.99998074 0.93408968 0.86486486 0.87951807 0.90710383 0.81171548
 0.1        0.         0.79831933 0.86956522 0.84259259 0.
 0.11111111 0.        ]
2023-05-16 17:15:01 - INFO:
+---------+--------+-----------+--------+
| VALID 7 |   F1   | Precision | Recall |
+---------+--------+-----------+--------+
|  Label  | 0.5799 |   0.6810  | 0.5590 |
|  Entity | 0.8234 |   0.9543  | 0.7240 |
+---------+--------+-----------+--------+
2023-05-16 17:15:01 - INFO: Epoch did not improve: 1/3.
2023-05-16 17:15:01 - INFO: ----------Epoch: 7----------
Training epoch 8: 100%|██████████| 239/239 [01:44<00:00,  2.29it/s]
/home/bureaux/miniconda3/envs/w2ner/lib/python3.8/site-packages/sklearn/metrics/_classification.py:1344: UndefinedMetricWarning: Precision and F-score are ill-defined and being set to 0.0 in labels with no predicted samples. Use `zero_division` parameter to control this behavior.
  _warn_prf(average, modifier, msg_start, len(result))
2023-05-16 17:16:57 - INFO:
+---------+--------+--------+-----------+--------+
| Train 8 |  Loss  |   F1   | Precision | Recall |
+---------+--------+--------+-----------+--------+
|  Label  | 0.0002 | 0.5215 |   0.6518  | 0.4810 |
+---------+--------+--------+-----------+--------+
Epoch 8 dev set: 100%|██████████| 80/80 [00:09<00:00,  8.17it/s]
/home/bureaux/miniconda3/envs/w2ner/lib/python3.8/site-packages/sklearn/metrics/_classification.py:1344: UndefinedMetricWarning: Precision and F-score are ill-defined and being set to 0.0 in labels with no predicted samples. Use `zero_division` parameter to control this behavior.
  _warn_prf(average, modifier, msg_start, len(result))
2023-05-16 17:17:15 - INFO: VALID Label F1 [0.99997532 0.94158442 0.8255814  0.9122807  0.89340102 0.76760563
 0.52380952 0.28571429 0.63806971 0.73298429 0.83870968 0.
 0.64285714 0.        ]
2023-05-16 17:17:15 - INFO:
+---------+--------+-----------+--------+
| VALID 8 |   F1   | Precision | Recall |
+---------+--------+-----------+--------+
|  Label  | 0.6430 |   0.5983  | 0.7069 |
|  Entity | 0.8835 |   0.9292  | 0.8421 |
+---------+--------+-----------+--------+
2023-05-16 17:17:16 - INFO: Saved model to weights/changhai_fgm.pt.
2023-05-16 17:17:16 - INFO: ----------Epoch: 8----------
Training epoch 9: 100%|██████████| 239/239 [01:42<00:00,  2.34it/s]
/home/bureaux/miniconda3/envs/w2ner/lib/python3.8/site-packages/sklearn/metrics/_classification.py:1344: UndefinedMetricWarning: Precision and F-score are ill-defined and being set to 0.0 in labels with no predicted samples. Use `zero_division` parameter to control this behavior.
  _warn_prf(average, modifier, msg_start, len(result))
2023-05-16 17:19:10 - INFO:
+---------+--------+--------+-----------+--------+
| Train 9 |  Loss  |   F1   | Precision | Recall |
+---------+--------+--------+-----------+--------+
|  Label  | 0.0002 | 0.5566 |   0.7230  | 0.5129 |
+---------+--------+--------+-----------+--------+
Epoch 9 dev set: 100%|██████████| 80/80 [00:09<00:00,  8.34it/s]
/home/bureaux/miniconda3/envs/w2ner/lib/python3.8/site-packages/sklearn/metrics/_classification.py:1344: UndefinedMetricWarning: Precision and F-score are ill-defined and being set to 0.0 in labels with no predicted samples. Use `zero_division` parameter to control this behavior.
  _warn_prf(average, modifier, msg_start, len(result))
2023-05-16 17:19:26 - INFO: VALID Label F1 [0.99998172 0.94117647 0.86486486 0.93413174 0.8989899  0.75085324
 0.625      0.34782609 0.82490272 0.88607595 0.87203791 0.5
 0.68965517 0.        ]
2023-05-16 17:19:26 - INFO:
+---------+--------+-----------+--------+
| VALID 9 |   F1   | Precision | Recall |
+---------+--------+-----------+--------+
|  Label  | 0.7240 |   0.7320  | 0.7401 |
|  Entity | 0.8811 |   0.9482  | 0.8228 |
+---------+--------+-----------+--------+
2023-05-16 17:19:26 - INFO: Epoch did not improve: 1/3.
2023-05-16 17:19:26 - INFO: ----------Epoch: 9----------
Training epoch 10: 100%|██████████| 239/239 [01:43<00:00,  2.30it/s]
/home/bureaux/miniconda3/envs/w2ner/lib/python3.8/site-packages/sklearn/metrics/_classification.py:1344: UndefinedMetricWarning: Precision and F-score are ill-defined and being set to 0.0 in labels with no predicted samples. Use `zero_division` parameter to control this behavior.
  _warn_prf(average, modifier, msg_start, len(result))
2023-05-16 17:21:21 - INFO:
+----------+--------+--------+-----------+--------+
| Train 10 |  Loss  |   F1   | Precision | Recall |
+----------+--------+--------+-----------+--------+
|  Label   | 0.0002 | 0.5726 |   0.6740  | 0.5265 |
+----------+--------+--------+-----------+--------+
Epoch 10 dev set: 100%|██████████| 80/80 [00:09<00:00,  8.65it/s]
/home/bureaux/miniconda3/envs/w2ner/lib/python3.8/site-packages/sklearn/metrics/_classification.py:1344: UndefinedMetricWarning: Precision and F-score are ill-defined and being set to 0.0 in labels with no predicted samples. Use `zero_division` parameter to control this behavior.
  _warn_prf(average, modifier, msg_start, len(result))
2023-05-16 17:21:38 - INFO: VALID Label F1 [0.99997997 0.93736842 0.87654321 0.93413174 0.89447236 0.81560284
 0.41666667 0.0625     0.79725086 0.84337349 0.81171548 0.5
 0.63157895 0.        ]
2023-05-16 17:21:38 - INFO:
+----------+--------+-----------+--------+
| VALID 10 |   F1   | Precision | Recall |
+----------+--------+-----------+--------+
|  Label   | 0.6801 |   0.7415  | 0.7344 |
|  Entity  | 0.8856 |   0.9307  | 0.8447 |
+----------+--------+-----------+--------+
2023-05-16 17:21:39 - INFO: Saved model to weights/changhai_fgm.pt.
2023-05-16 17:21:39 - INFO: ----------Epoch: 10----------
Training epoch 11: 100%|██████████| 239/239 [01:41<00:00,  2.35it/s]
/home/bureaux/miniconda3/envs/w2ner/lib/python3.8/site-packages/sklearn/metrics/_classification.py:1344: UndefinedMetricWarning: Precision and F-score are ill-defined and being set to 0.0 in labels with no predicted samples. Use `zero_division` parameter to control this behavior.
  _warn_prf(average, modifier, msg_start, len(result))
2023-05-16 17:23:32 - INFO:
+----------+--------+--------+-----------+--------+
| Train 11 |  Loss  |   F1   | Precision | Recall |
+----------+--------+--------+-----------+--------+
|  Label   | 0.0002 | 0.5963 |   0.7435  | 0.5444 |
+----------+--------+--------+-----------+--------+
Epoch 11 dev set: 100%|██████████| 80/80 [00:09<00:00,  8.31it/s]
2023-05-16 17:23:49 - INFO: VALID Label F1 [0.99998332 0.94065691 0.88888889 0.91860465 0.92227979 0.88803089
 0.73684211 0.51219512 0.82625483 0.90322581 0.86363636 0.44444444
 0.77419355 0.5       ]
2023-05-16 17:23:49 - INFO:
+----------+--------+-----------+--------+
| VALID 11 |   F1   | Precision | Recall |
+----------+--------+-----------+--------+
|  Label   | 0.7942 |   0.7815  | 0.8345 |
|  Entity  | 0.9126 |   0.9577  | 0.8716 |
+----------+--------+-----------+--------+
2023-05-16 17:23:50 - INFO: Saved model to weights/changhai_fgm.pt.
2023-05-16 17:23:50 - INFO: ----------Epoch: 11----------
Training epoch 12: 100%|██████████| 239/239 [01:43<00:00,  2.30it/s]
/home/bureaux/miniconda3/envs/w2ner/lib/python3.8/site-packages/sklearn/metrics/_classification.py:1344: UndefinedMetricWarning: Precision and F-score are ill-defined and being set to 0.0 in labels with no predicted samples. Use `zero_division` parameter to control this behavior.
  _warn_prf(average, modifier, msg_start, len(result))
2023-05-16 17:25:45 - INFO:
+----------+--------+--------+-----------+--------+
| Train 12 |  Loss  |   F1   | Precision | Recall |
+----------+--------+--------+-----------+--------+
|  Label   | 0.0002 | 0.6403 |   0.7571  | 0.5886 |
+----------+--------+--------+-----------+--------+
Epoch 12 dev set: 100%|██████████| 80/80 [00:09<00:00,  8.17it/s]
2023-05-16 17:26:03 - INFO: VALID Label F1 [0.99998477 0.94619073 0.8902439  0.93641618 0.93193717 0.90697674
 0.68292683 0.54320988 0.82274247 0.91025641 0.90232558 0.85714286
 0.74285714 0.44444444]
2023-05-16 17:26:03 - INFO:
+----------+--------+-----------+--------+
| VALID 12 |   F1   | Precision | Recall |
+----------+--------+-----------+--------+
|  Label   | 0.8227 |   0.8200  | 0.8532 |
|  Entity  | 0.9103 |   0.9156  | 0.9050 |
+----------+--------+-----------+--------+
2023-05-16 17:26:03 - INFO: Epoch did not improve: 1/3.
2023-05-16 17:26:03 - INFO: ----------Epoch: 12----------
Training epoch 13: 100%|██████████| 239/239 [01:44<00:00,  2.28it/s]
/home/bureaux/miniconda3/envs/w2ner/lib/python3.8/site-packages/sklearn/metrics/_classification.py:1344: UndefinedMetricWarning: Precision and F-score are ill-defined and being set to 0.0 in labels with no predicted samples. Use `zero_division` parameter to control this behavior.
  _warn_prf(average, modifier, msg_start, len(result))
2023-05-16 17:27:59 - INFO:
+----------+--------+--------+-----------+--------+
| Train 13 |  Loss  |   F1   | Precision | Recall |
+----------+--------+--------+-----------+--------+
|  Label   | 0.0002 | 0.6528 |   0.7597  | 0.6028 |
+----------+--------+--------+-----------+--------+
Epoch 13 dev set: 100%|██████████| 80/80 [00:09<00:00,  8.39it/s]
2023-05-16 17:28:16 - INFO: VALID Label F1 [0.99998575 0.9408826  0.91823899 0.92941176 0.93193717 0.87596899
 0.64285714 0.56521739 0.83794466 0.92207792 0.91509434 0.85714286
 0.82758621 0.69565217]
2023-05-16 17:28:16 - INFO:
+----------+--------+-----------+--------+
| VALID 13 |   F1   | Precision | Recall |
+----------+--------+-----------+--------+
|  Label   | 0.8471 |   0.9108  | 0.8151 |
|  Entity  | 0.9079 |   0.9613  | 0.8601 |
+----------+--------+-----------+--------+
2023-05-16 17:28:16 - INFO: Epoch did not improve: 2/3.
2023-05-16 17:28:16 - INFO: ----------Epoch: 13----------
Training epoch 14: 100%|██████████| 239/239 [01:41<00:00,  2.36it/s]
/home/bureaux/miniconda3/envs/w2ner/lib/python3.8/site-packages/sklearn/metrics/_classification.py:1344: UndefinedMetricWarning: Precision and F-score are ill-defined and being set to 0.0 in labels with no predicted samples. Use `zero_division` parameter to control this behavior.
  _warn_prf(average, modifier, msg_start, len(result))
2023-05-16 17:30:08 - INFO:
+----------+--------+--------+-----------+--------+
| Train 14 |  Loss  |   F1   | Precision | Recall |
+----------+--------+--------+-----------+--------+
|  Label   | 0.0002 | 0.7053 |   0.8263  | 0.6442 |
+----------+--------+--------+-----------+--------+
Epoch 14 dev set: 100%|██████████| 80/80 [00:09<00:00,  8.35it/s]
2023-05-16 17:30:26 - INFO: VALID Label F1 [0.99998335 0.94245385 0.88484848 0.93641618 0.93684211 0.87272727
 0.55555556 0.47058824 0.81617647 0.8974359  0.89814815 0.8
 0.83870968 0.57142857]
2023-05-16 17:30:26 - INFO:
+----------+--------+-----------+--------+
| VALID 14 |   F1   | Precision | Recall |
+----------+--------+-----------+--------+
|  Label   | 0.8158 |   0.7941  | 0.8656 |
|  Entity  | 0.9099 |   0.9256  | 0.8947 |
+----------+--------+-----------+--------+
2023-05-16 17:30:26 - INFO: Epoch did not improve: 3/3.
2023-05-16 17:30:26 - INFO: Early stopping at epoch 14.
2023-05-16 17:30:26 - INFO: Best DEV F1: 0.9126

进程已结束,退出代码0
