/home/bureaux/miniconda3/envs/w2ner/bin/python /home/bureaux/Projects/W2NER/train.py --config ./config/changhai.json
2023-05-16 15:57:03 - INFO: dict_items([('dataset', 'changhai'), ('save_path', 'weights/changhai.pt'), ('vocab_path', 'weights/changhai.vocab'), ('dist_emb_size', 20), ('type_emb_size', 20), ('lstm_hid_size', 512), ('conv_hid_size', 96), ('bert_hid_size', 768), ('biaffine_size', 512), ('ffnn_hid_size', 288), ('dilation', [1, 2, 3]), ('emb_dropout', 0.5), ('conv_dropout', 0.5), ('out_dropout', 0.33), ('epochs', 20), ('batch_size', 4), ('learning_rate', 0.001), ('weight_decay', 0), ('clip_grad_norm', 5.0), ('bert_name', 'bert-base-chinese'), ('bert_learning_rate', 5e-06), ('warm_factor', 0.1), ('early_stop_patience', 3), ('use_bert_last_4_layers', True), ('seed', 123), ('config', './config/changhai.json'), ('device', 0)])
2023-05-16 15:57:04 - INFO: Loading Data
2023-05-16 15:57:04 - INFO:
+----------+-----------+----------+
| changhai | sentences | entities |
+----------+-----------+----------+
|  train   |    479    |   2503   |
|   dev    |    160    |   779    |
|   test   |     0     |    0     |
+----------+-----------+----------+
2023-05-16 15:57:43 - INFO: Building Model
Some weights of the model checkpoint at bert-base-chinese were not used when initializing BertModel: ['cls.predictions.decoder.weight', 'cls.seq_relationship.bias', 'cls.predictions.transform.dense.weight', 'cls.seq_relationship.weight', 'cls.predictions.transform.LayerNorm.weight', 'cls.predictions.transform.LayerNorm.bias', 'cls.predictions.transform.dense.bias', 'cls.predictions.bias']
- This IS expected if you are initializing BertModel from the checkpoint of a model trained on another task or with another architecture (e.g. initializing a BertForSequenceClassification model from a BertForPreTraining model).
- This IS NOT expected if you are initializing BertModel from the checkpoint of a model that you expect to be exactly identical (initializing a BertForSequenceClassification model from a BertForSequenceClassification model).
/home/bureaux/miniconda3/envs/w2ner/lib/python3.8/site-packages/transformers/optimization.py:306: FutureWarning: This implementation of AdamW is deprecated and will be removed in a future version. Use the PyTorch implementation torch.optim.AdamW instead, or set `no_deprecation_warning=True` to disable this warning
  warnings.warn(
2023-05-16 15:57:47 - INFO: ----------Epoch: 0----------
Training epoch 1: 100%|██████████| 119/119 [00:52<00:00,  2.28it/s]
/home/bureaux/miniconda3/envs/w2ner/lib/python3.8/site-packages/sklearn/metrics/_classification.py:1344: UndefinedMetricWarning: Precision and F-score are ill-defined and being set to 0.0 in labels with no predicted samples. Use `zero_division` parameter to control this behavior.
  _warn_prf(average, modifier, msg_start, len(result))
2023-05-16 15:58:51 - INFO:
+---------+--------+--------+-----------+--------+
| Train 1 |  Loss  |   F1   | Precision | Recall |
+---------+--------+--------+-----------+--------+
|  Label  | 0.4420 | 0.0651 |   0.0667  | 0.0645 |
+---------+--------+--------+-----------+--------+
Epoch 1 dev set: 100%|██████████| 40/40 [00:10<00:00,  3.70it/s]
/home/bureaux/miniconda3/envs/w2ner/lib/python3.8/site-packages/sklearn/metrics/_classification.py:1344: UndefinedMetricWarning: Precision and F-score are ill-defined and being set to 0.0 in labels with no predicted samples. Use `zero_division` parameter to control this behavior.
  _warn_prf(average, modifier, msg_start, len(result))
2023-05-16 15:59:09 - INFO: VALID Label F1 [0.99990431 0.         0.         0.         0.         0.
 0.         0.         0.         0.         0.         0.
 0.         0.        ]
2023-05-16 15:59:09 - INFO:
+---------+--------+-----------+--------+
| VALID 1 |   F1   | Precision | Recall |
+---------+--------+-----------+--------+
|  Label  | 0.0714 |   0.0714  | 0.0714 |
|  Entity | 0.0000 |   0.0000  | 0.0000 |
+---------+--------+-----------+--------+
2023-05-16 15:59:10 - INFO: Saved model to weights/changhai.pt.
2023-05-16 15:59:10 - INFO: ----------Epoch: 1----------
Training epoch 2: 100%|██████████| 119/119 [00:52<00:00,  2.28it/s]
/home/bureaux/miniconda3/envs/w2ner/lib/python3.8/site-packages/sklearn/metrics/_classification.py:1344: UndefinedMetricWarning: Precision and F-score are ill-defined and being set to 0.0 in labels with no predicted samples. Use `zero_division` parameter to control this behavior.
  _warn_prf(average, modifier, msg_start, len(result))
2023-05-16 16:00:13 - INFO:
+---------+--------+--------+-----------+--------+
| Train 2 |  Loss  |   F1   | Precision | Recall |
+---------+--------+--------+-----------+--------+
|  Label  | 0.0020 | 0.0667 |   0.0667  | 0.0667 |
+---------+--------+--------+-----------+--------+
Epoch 2 dev set: 100%|██████████| 40/40 [00:10<00:00,  3.72it/s]
/home/bureaux/miniconda3/envs/w2ner/lib/python3.8/site-packages/sklearn/metrics/_classification.py:1344: UndefinedMetricWarning: Precision and F-score are ill-defined and being set to 0.0 in labels with no predicted samples. Use `zero_division` parameter to control this behavior.
  _warn_prf(average, modifier, msg_start, len(result))
2023-05-16 16:00:32 - INFO: VALID Label F1 [0.99990431 0.         0.         0.         0.         0.
 0.         0.         0.         0.         0.         0.
 0.         0.        ]
2023-05-16 16:00:32 - INFO:
+---------+--------+-----------+--------+
| VALID 2 |   F1   | Precision | Recall |
+---------+--------+-----------+--------+
|  Label  | 0.0714 |   0.0714  | 0.0714 |
|  Entity | 0.0000 |   0.0000  | 0.0000 |
+---------+--------+-----------+--------+
2023-05-16 16:00:33 - INFO: Saved model to weights/changhai.pt.
2023-05-16 16:00:33 - INFO: ----------Epoch: 2----------
Training epoch 3: 100%|██████████| 119/119 [00:51<00:00,  2.32it/s]
/home/bureaux/miniconda3/envs/w2ner/lib/python3.8/site-packages/sklearn/metrics/_classification.py:1344: UndefinedMetricWarning: Precision and F-score are ill-defined and being set to 0.0 in labels with no predicted samples. Use `zero_division` parameter to control this behavior.
  _warn_prf(average, modifier, msg_start, len(result))
2023-05-16 16:01:35 - INFO:
+---------+--------+--------+-----------+--------+
| Train 3 |  Loss  |   F1   | Precision | Recall |
+---------+--------+--------+-----------+--------+
|  Label  | 0.0016 | 0.0667 |   0.0667  | 0.0667 |
+---------+--------+--------+-----------+--------+
Epoch 3 dev set: 100%|██████████| 40/40 [00:10<00:00,  3.68it/s]
/home/bureaux/miniconda3/envs/w2ner/lib/python3.8/site-packages/sklearn/metrics/_classification.py:1344: UndefinedMetricWarning: Precision and F-score are ill-defined and being set to 0.0 in labels with no predicted samples. Use `zero_division` parameter to control this behavior.
  _warn_prf(average, modifier, msg_start, len(result))
2023-05-16 16:01:54 - INFO: VALID Label F1 [0.99990431 0.         0.         0.         0.         0.
 0.         0.         0.         0.         0.         0.
 0.         0.        ]
2023-05-16 16:01:54 - INFO:
+---------+--------+-----------+--------+
| VALID 3 |   F1   | Precision | Recall |
+---------+--------+-----------+--------+
|  Label  | 0.0714 |   0.0714  | 0.0714 |
|  Entity | 0.0000 |   0.0000  | 0.0000 |
+---------+--------+-----------+--------+
2023-05-16 16:01:55 - INFO: Saved model to weights/changhai.pt.
2023-05-16 16:01:55 - INFO: ----------Epoch: 3----------
Training epoch 4: 100%|██████████| 119/119 [00:55<00:00,  2.13it/s]
/home/bureaux/miniconda3/envs/w2ner/lib/python3.8/site-packages/sklearn/metrics/_classification.py:1344: UndefinedMetricWarning: Precision and F-score are ill-defined and being set to 0.0 in labels with no predicted samples. Use `zero_division` parameter to control this behavior.
  _warn_prf(average, modifier, msg_start, len(result))
2023-05-16 16:03:02 - INFO:
+---------+--------+--------+-----------+--------+
| Train 4 |  Loss  |   F1   | Precision | Recall |
+---------+--------+--------+-----------+--------+
|  Label  | 0.0014 | 0.0675 |   0.0932  | 0.0671 |
+---------+--------+--------+-----------+--------+
Epoch 4 dev set: 100%|██████████| 40/40 [00:11<00:00,  3.58it/s]
/home/bureaux/miniconda3/envs/w2ner/lib/python3.8/site-packages/sklearn/metrics/_classification.py:1344: UndefinedMetricWarning: Precision and F-score are ill-defined and being set to 0.0 in labels with no predicted samples. Use `zero_division` parameter to control this behavior.
  _warn_prf(average, modifier, msg_start, len(result))
2023-05-16 16:03:21 - INFO: VALID Label F1 [0.99990347 0.02493506 0.         0.         0.         0.
 0.         0.         0.         0.         0.         0.
 0.         0.        ]
2023-05-16 16:03:21 - INFO:
+---------+--------+-----------+--------+
| VALID 4 |   F1   | Precision | Recall |
+---------+--------+-----------+--------+
|  Label  | 0.0732 |   0.0956  | 0.0724 |
|  Entity | 0.0000 |   0.0000  | 0.0000 |
+---------+--------+-----------+--------+
2023-05-16 16:03:22 - INFO: Saved model to weights/changhai.pt.
2023-05-16 16:03:22 - INFO: ----------Epoch: 4----------
Training epoch 5: 100%|██████████| 119/119 [01:01<00:00,  1.95it/s]
/home/bureaux/miniconda3/envs/w2ner/lib/python3.8/site-packages/sklearn/metrics/_classification.py:1344: UndefinedMetricWarning: Precision and F-score are ill-defined and being set to 0.0 in labels with no predicted samples. Use `zero_division` parameter to control this behavior.
  _warn_prf(average, modifier, msg_start, len(result))
2023-05-16 16:04:35 - INFO:
+---------+--------+--------+-----------+--------+
| Train 5 |  Loss  |   F1   | Precision | Recall |
+---------+--------+--------+-----------+--------+
|  Label  | 0.0010 | 0.1040 |   0.2650  | 0.0899 |
+---------+--------+--------+-----------+--------+
Epoch 5 dev set: 100%|██████████| 40/40 [00:11<00:00,  3.61it/s]
/home/bureaux/miniconda3/envs/w2ner/lib/python3.8/site-packages/sklearn/metrics/_classification.py:1344: UndefinedMetricWarning: Precision and F-score are ill-defined and being set to 0.0 in labels with no predicted samples. Use `zero_division` parameter to control this behavior.
  _warn_prf(average, modifier, msg_start, len(result))
2023-05-16 16:04:53 - INFO: VALID Label F1 [0.99993636 0.50587314 0.         0.68217054 0.74683544 0.03053435
 0.         0.         0.44897959 0.68376068 0.64761905 0.
 0.         0.        ]
2023-05-16 16:04:53 - INFO:
+---------+--------+-----------+--------+
| VALID 5 |   F1   | Precision | Recall |
+---------+--------+-----------+--------+
|  Label  | 0.3390 |   0.4724  | 0.2913 |
|  Entity | 0.1314 |   0.5577  | 0.0745 |
+---------+--------+-----------+--------+
2023-05-16 16:04:54 - INFO: Saved model to weights/changhai.pt.
2023-05-16 16:04:54 - INFO: ----------Epoch: 5----------
Training epoch 6: 100%|██████████| 119/119 [00:59<00:00,  2.00it/s]
/home/bureaux/miniconda3/envs/w2ner/lib/python3.8/site-packages/sklearn/metrics/_classification.py:1344: UndefinedMetricWarning: Precision and F-score are ill-defined and being set to 0.0 in labels with no predicted samples. Use `zero_division` parameter to control this behavior.
  _warn_prf(average, modifier, msg_start, len(result))
2023-05-16 16:06:05 - INFO:
+---------+--------+--------+-----------+--------+
| Train 6 |  Loss  |   F1   | Precision | Recall |
+---------+--------+--------+-----------+--------+
|  Label  | 0.0008 | 0.1799 |   0.3614  | 0.1436 |
+---------+--------+--------+-----------+--------+
Epoch 6 dev set: 100%|██████████| 40/40 [00:10<00:00,  3.80it/s]
/home/bureaux/miniconda3/envs/w2ner/lib/python3.8/site-packages/sklearn/metrics/_classification.py:1344: UndefinedMetricWarning: Precision and F-score are ill-defined and being set to 0.0 in labels with no predicted samples. Use `zero_division` parameter to control this behavior.
  _warn_prf(average, modifier, msg_start, len(result))
2023-05-16 16:06:23 - INFO: VALID Label F1 [0.99995409 0.79549269 0.8358209  0.9044586  0.9        0.55963303
 0.         0.         0.44725738 0.81481481 0.81407035 0.
 0.         0.        ]
2023-05-16 16:06:23 - INFO:
+---------+--------+-----------+--------+
| VALID 6 |   F1   | Precision | Recall |
+---------+--------+-----------+--------+
|  Label  | 0.5051 |   0.5380  | 0.4836 |
|  Entity | 0.5136 |   0.4608  | 0.5802 |
+---------+--------+-----------+--------+
2023-05-16 16:06:24 - INFO: Saved model to weights/changhai.pt.
2023-05-16 16:06:24 - INFO: ----------Epoch: 6----------
Training epoch 7: 100%|██████████| 119/119 [01:02<00:00,  1.92it/s]
/home/bureaux/miniconda3/envs/w2ner/lib/python3.8/site-packages/sklearn/metrics/_classification.py:1344: UndefinedMetricWarning: Precision and F-score are ill-defined and being set to 0.0 in labels with no predicted samples. Use `zero_division` parameter to control this behavior.
  _warn_prf(average, modifier, msg_start, len(result))
2023-05-16 16:07:37 - INFO:
+---------+--------+--------+-----------+--------+
| Train 7 |  Loss  |   F1   | Precision | Recall |
+---------+--------+--------+-----------+--------+
|  Label  | 0.0007 | 0.2976 |   0.4579  | 0.2379 |
+---------+--------+--------+-----------+--------+
Epoch 7 dev set: 100%|██████████| 40/40 [00:10<00:00,  3.69it/s]
/home/bureaux/miniconda3/envs/w2ner/lib/python3.8/site-packages/sklearn/metrics/_classification.py:1344: UndefinedMetricWarning: Precision and F-score are ill-defined and being set to 0.0 in labels with no predicted samples. Use `zero_division` parameter to control this behavior.
  _warn_prf(average, modifier, msg_start, len(result))
2023-05-16 16:07:55 - INFO: VALID Label F1 [0.99996987 0.8909552  0.875      0.88343558 0.89247312 0.56277056
 0.         0.         0.44615385 0.80851064 0.84422111 0.
 0.         0.        ]
2023-05-16 16:07:55 - INFO:
+---------+--------+-----------+--------+
| VALID 7 |   F1   | Precision | Recall |
+---------+--------+-----------+--------+
|  Label  | 0.5145 |   0.5340  | 0.4983 |
|  Entity | 0.7175 |   0.8962  | 0.5982 |
+---------+--------+-----------+--------+
2023-05-16 16:07:57 - INFO: Saved model to weights/changhai.pt.
2023-05-16 16:07:57 - INFO: ----------Epoch: 7----------
Training epoch 8: 100%|██████████| 119/119 [00:58<00:00,  2.03it/s]
/home/bureaux/miniconda3/envs/w2ner/lib/python3.8/site-packages/sklearn/metrics/_classification.py:1344: UndefinedMetricWarning: Precision and F-score are ill-defined and being set to 0.0 in labels with no predicted samples. Use `zero_division` parameter to control this behavior.
  _warn_prf(average, modifier, msg_start, len(result))
2023-05-16 16:09:06 - INFO:
+---------+--------+--------+-----------+--------+
| Train 8 |  Loss  |   F1   | Precision | Recall |
+---------+--------+--------+-----------+--------+
|  Label  | 0.0006 | 0.3667 |   0.4790  | 0.3074 |
+---------+--------+--------+-----------+--------+
Epoch 8 dev set: 100%|██████████| 40/40 [00:10<00:00,  3.64it/s]
/home/bureaux/miniconda3/envs/w2ner/lib/python3.8/site-packages/sklearn/metrics/_classification.py:1344: UndefinedMetricWarning: Precision and F-score are ill-defined and being set to 0.0 in labels with no predicted samples. Use `zero_division` parameter to control this behavior.
  _warn_prf(average, modifier, msg_start, len(result))
2023-05-16 16:09:24 - INFO: VALID Label F1 [0.99996936 0.91254954 0.85135135 0.77837838 0.8556701  0.56066946
 0.         0.         0.53956835 0.82608696 0.672      0.
 0.         0.        ]
2023-05-16 16:09:24 - INFO:
+---------+--------+-----------+--------+
| VALID 8 |   F1   | Precision | Recall |
+---------+--------+-----------+--------+
|  Label  | 0.4997 |   0.4937  | 0.5137 |
|  Entity | 0.7333 |   0.8574  | 0.6406 |
+---------+--------+-----------+--------+
2023-05-16 16:09:26 - INFO: Saved model to weights/changhai.pt.
2023-05-16 16:09:26 - INFO: ----------Epoch: 8----------
Training epoch 9: 100%|██████████| 119/119 [01:01<00:00,  1.94it/s]
/home/bureaux/miniconda3/envs/w2ner/lib/python3.8/site-packages/sklearn/metrics/_classification.py:1344: UndefinedMetricWarning: Precision and F-score are ill-defined and being set to 0.0 in labels with no predicted samples. Use `zero_division` parameter to control this behavior.
  _warn_prf(average, modifier, msg_start, len(result))
2023-05-16 16:10:38 - INFO:
+---------+--------+--------+-----------+--------+
| Train 9 |  Loss  |   F1   | Precision | Recall |
+---------+--------+--------+-----------+--------+
|  Label  | 0.0005 | 0.4086 |   0.4992  | 0.3546 |
+---------+--------+--------+-----------+--------+
Epoch 9 dev set: 100%|██████████| 40/40 [00:10<00:00,  3.76it/s]
/home/bureaux/miniconda3/envs/w2ner/lib/python3.8/site-packages/sklearn/metrics/_classification.py:1344: UndefinedMetricWarning: Precision and F-score are ill-defined and being set to 0.0 in labels with no predicted samples. Use `zero_division` parameter to control this behavior.
  _warn_prf(average, modifier, msg_start, len(result))
2023-05-16 16:10:56 - INFO: VALID Label F1 [0.99997336 0.91901971 0.84       0.85207101 0.87830688 0.57142857
 0.         0.         0.52586207 0.82014388 0.80382775 0.
 0.         0.        ]
2023-05-16 16:10:56 - INFO:
+---------+--------+-----------+--------+
| VALID 9 |   F1   | Precision | Recall |
+---------+--------+-----------+--------+
|  Label  | 0.5150 |   0.5302  | 0.5060 |
|  Entity | 0.7315 |   0.8867  | 0.6226 |
+---------+--------+-----------+--------+
2023-05-16 16:10:56 - INFO: Epoch did not improve: 1/3.
2023-05-16 16:10:56 - INFO: ----------Epoch: 9----------
Training epoch 10: 100%|██████████| 119/119 [01:00<00:00,  1.98it/s]
/home/bureaux/miniconda3/envs/w2ner/lib/python3.8/site-packages/sklearn/metrics/_classification.py:1344: UndefinedMetricWarning: Precision and F-score are ill-defined and being set to 0.0 in labels with no predicted samples. Use `zero_division` parameter to control this behavior.
  _warn_prf(average, modifier, msg_start, len(result))
2023-05-16 16:12:07 - INFO:
+----------+--------+--------+-----------+--------+
| Train 10 |  Loss  |   F1   | Precision | Recall |
+----------+--------+--------+-----------+--------+
|  Label   | 0.0004 | 0.4412 |   0.5117  | 0.3956 |
+----------+--------+--------+-----------+--------+
Epoch 10 dev set: 100%|██████████| 40/40 [00:10<00:00,  3.65it/s]
/home/bureaux/miniconda3/envs/w2ner/lib/python3.8/site-packages/sklearn/metrics/_classification.py:1344: UndefinedMetricWarning: Precision and F-score are ill-defined and being set to 0.0 in labels with no predicted samples. Use `zero_division` parameter to control this behavior.
  _warn_prf(average, modifier, msg_start, len(result))
2023-05-16 16:12:25 - INFO: VALID Label F1 [0.99997318 0.91520084 0.84       0.77083333 0.85279188 0.65777778
 0.         0.         0.70542636 0.82014388 0.74561404 0.
 0.         0.        ]
2023-05-16 16:12:25 - INFO:
+----------+--------+-----------+--------+
| VALID 10 |   F1   | Precision | Recall |
+----------+--------+-----------+--------+
|  Label   | 0.5220 |   0.5227  | 0.5297 |
|  Entity  | 0.7566 |   0.8583  | 0.6765 |
+----------+--------+-----------+--------+
2023-05-16 16:12:26 - INFO: Saved model to weights/changhai.pt.
2023-05-16 16:12:26 - INFO: ----------Epoch: 10----------
Training epoch 11: 100%|██████████| 119/119 [01:02<00:00,  1.92it/s]
/home/bureaux/miniconda3/envs/w2ner/lib/python3.8/site-packages/sklearn/metrics/_classification.py:1344: UndefinedMetricWarning: Precision and F-score are ill-defined and being set to 0.0 in labels with no predicted samples. Use `zero_division` parameter to control this behavior.
  _warn_prf(average, modifier, msg_start, len(result))
2023-05-16 16:13:39 - INFO:
+----------+--------+--------+-----------+--------+
| Train 11 |  Loss  |   F1   | Precision | Recall |
+----------+--------+--------+-----------+--------+
|  Label   | 0.0004 | 0.4548 |   0.5246  | 0.4093 |
+----------+--------+--------+-----------+--------+
Epoch 11 dev set: 100%|██████████| 40/40 [00:11<00:00,  3.58it/s]
/home/bureaux/miniconda3/envs/w2ner/lib/python3.8/site-packages/sklearn/metrics/_classification.py:1344: UndefinedMetricWarning: Precision and F-score are ill-defined and being set to 0.0 in labels with no predicted samples. Use `zero_division` parameter to control this behavior.
  _warn_prf(average, modifier, msg_start, len(result))
2023-05-16 16:13:58 - INFO: VALID Label F1 [0.99997579 0.92671141 0.83660131 0.73529412 0.87830688 0.67676768
 0.         0.         0.66972477 0.83211679 0.77876106 0.
 0.         0.        ]
2023-05-16 16:13:58 - INFO:
+----------+--------+-----------+--------+
| VALID 11 |   F1   | Precision | Recall |
+----------+--------+-----------+--------+
|  Label   | 0.5239 |   0.5527  | 0.5190 |
|  Entity  | 0.7667 |   0.9353  | 0.6496 |
+----------+--------+-----------+--------+
2023-05-16 16:13:59 - INFO: Saved model to weights/changhai.pt.
2023-05-16 16:13:59 - INFO: ----------Epoch: 11----------
Training epoch 12: 100%|██████████| 119/119 [01:00<00:00,  1.96it/s]
/home/bureaux/miniconda3/envs/w2ner/lib/python3.8/site-packages/sklearn/metrics/_classification.py:1344: UndefinedMetricWarning: Precision and F-score are ill-defined and being set to 0.0 in labels with no predicted samples. Use `zero_division` parameter to control this behavior.
  _warn_prf(average, modifier, msg_start, len(result))
2023-05-16 16:15:11 - INFO:
+----------+--------+--------+-----------+--------+
| Train 12 |  Loss  |   F1   | Precision | Recall |
+----------+--------+--------+-----------+--------+
|  Label   | 0.0004 | 0.4626 |   0.5285  | 0.4185 |
+----------+--------+--------+-----------+--------+
Epoch 12 dev set: 100%|██████████| 40/40 [00:10<00:00,  3.64it/s]
/home/bureaux/miniconda3/envs/w2ner/lib/python3.8/site-packages/sklearn/metrics/_classification.py:1344: UndefinedMetricWarning: Precision and F-score are ill-defined and being set to 0.0 in labels with no predicted samples. Use `zero_division` parameter to control this behavior.
  _warn_prf(average, modifier, msg_start, len(result))
2023-05-16 16:15:29 - INFO: VALID Label F1 [0.99996856 0.92736532 0.69892473 0.70588235 0.78222222 0.68679245
 0.         0.         0.60490463 0.77419355 0.69201521 0.
 0.         0.        ]
2023-05-16 16:15:29 - INFO:
+----------+--------+-----------+--------+
| VALID 12 |   F1   | Precision | Recall |
+----------+--------+-----------+--------+
|  Label   | 0.4909 |   0.4430  | 0.5646 |
|  Entity  | 0.8175 |   0.9062  | 0.7445 |
+----------+--------+-----------+--------+
2023-05-16 16:15:30 - INFO: Saved model to weights/changhai.pt.
2023-05-16 16:15:30 - INFO: ----------Epoch: 12----------
Training epoch 13: 100%|██████████| 119/119 [01:01<00:00,  1.94it/s]
/home/bureaux/miniconda3/envs/w2ner/lib/python3.8/site-packages/sklearn/metrics/_classification.py:1344: UndefinedMetricWarning: Precision and F-score are ill-defined and being set to 0.0 in labels with no predicted samples. Use `zero_division` parameter to control this behavior.
  _warn_prf(average, modifier, msg_start, len(result))
2023-05-16 16:16:43 - INFO:
+----------+--------+--------+-----------+--------+
| Train 13 |  Loss  |   F1   | Precision | Recall |
+----------+--------+--------+-----------+--------+
|  Label   | 0.0003 | 0.4707 |   0.5461  | 0.4273 |
+----------+--------+--------+-----------+--------+
Epoch 13 dev set: 100%|██████████| 40/40 [00:10<00:00,  3.69it/s]
/home/bureaux/miniconda3/envs/w2ner/lib/python3.8/site-packages/sklearn/metrics/_classification.py:1344: UndefinedMetricWarning: Precision and F-score are ill-defined and being set to 0.0 in labels with no predicted samples. Use `zero_division` parameter to control this behavior.
  _warn_prf(average, modifier, msg_start, len(result))
2023-05-16 16:17:01 - INFO: VALID Label F1 [0.99996954 0.91824234 0.74712644 0.76142132 0.75213675 0.65306122
 0.         0.         0.69594595 0.82269504 0.68164794 0.
 0.         0.        ]
2023-05-16 16:17:01 - INFO:
+----------+--------+-----------+--------+
| VALID 13 |   F1   | Precision | Recall |
+----------+--------+-----------+--------+
|  Label   | 0.5023 |   0.4658  | 0.5586 |
|  Entity  | 0.8014 |   0.8802  | 0.7356 |
+----------+--------+-----------+--------+
2023-05-16 16:17:01 - INFO: Epoch did not improve: 1/3.
2023-05-16 16:17:01 - INFO: ----------Epoch: 13----------
Training epoch 14: 100%|██████████| 119/119 [01:00<00:00,  1.96it/s]
/home/bureaux/miniconda3/envs/w2ner/lib/python3.8/site-packages/sklearn/metrics/_classification.py:1344: UndefinedMetricWarning: Precision and F-score are ill-defined and being set to 0.0 in labels with no predicted samples. Use `zero_division` parameter to control this behavior.
  _warn_prf(average, modifier, msg_start, len(result))
2023-05-16 16:18:13 - INFO:
+----------+--------+--------+-----------+--------+
| Train 14 |  Loss  |   F1   | Precision | Recall |
+----------+--------+--------+-----------+--------+
|  Label   | 0.0003 | 0.4773 |   0.5943  | 0.4390 |
+----------+--------+--------+-----------+--------+
Epoch 14 dev set: 100%|██████████| 40/40 [00:11<00:00,  3.47it/s]
/home/bureaux/miniconda3/envs/w2ner/lib/python3.8/site-packages/sklearn/metrics/_classification.py:1344: UndefinedMetricWarning: Precision and F-score are ill-defined and being set to 0.0 in labels with no predicted samples. Use `zero_division` parameter to control this behavior.
  _warn_prf(average, modifier, msg_start, len(result))
2023-05-16 16:18:32 - INFO: VALID Label F1 [0.99998005 0.93694181 0.85333333 0.86549708 0.89247312 0.77142857
 0.         0.         0.72941176 0.84057971 0.84158416 0.
 0.         0.        ]
2023-05-16 16:18:32 - INFO:
+----------+--------+-----------+--------+
| VALID 14 |   F1   | Precision | Recall |
+----------+--------+-----------+--------+
|  Label   | 0.5522 |   0.5771  | 0.5353 |
|  Entity  | 0.8033 |   0.9624  | 0.6893 |
+----------+--------+-----------+--------+
2023-05-16 16:18:32 - INFO: Epoch did not improve: 2/3.
2023-05-16 16:18:32 - INFO: ----------Epoch: 14----------
Training epoch 15: 100%|██████████| 119/119 [01:03<00:00,  1.89it/s]
/home/bureaux/miniconda3/envs/w2ner/lib/python3.8/site-packages/sklearn/metrics/_classification.py:1344: UndefinedMetricWarning: Precision and F-score are ill-defined and being set to 0.0 in labels with no predicted samples. Use `zero_division` parameter to control this behavior.
  _warn_prf(average, modifier, msg_start, len(result))
2023-05-16 16:19:46 - INFO:
+----------+--------+--------+-----------+--------+
| Train 15 |  Loss  |   F1   | Precision | Recall |
+----------+--------+--------+-----------+--------+
|  Label   | 0.0003 | 0.4804 |   0.6046  | 0.4377 |
+----------+--------+--------+-----------+--------+
Epoch 15 dev set: 100%|██████████| 40/40 [00:11<00:00,  3.59it/s]
/home/bureaux/miniconda3/envs/w2ner/lib/python3.8/site-packages/sklearn/metrics/_classification.py:1344: UndefinedMetricWarning: Precision and F-score are ill-defined and being set to 0.0 in labels with no predicted samples. Use `zero_division` parameter to control this behavior.
  _warn_prf(average, modifier, msg_start, len(result))
2023-05-16 16:20:04 - INFO: VALID Label F1 [0.99996798 0.92661269 0.68421053 0.68421053 0.7394958  0.6970684
 0.         0.         0.66272189 0.7654321  0.69731801 0.
 0.125      0.        ]
2023-05-16 16:20:04 - INFO:
+----------+--------+-----------+--------+
| VALID 15 |   F1   | Precision | Recall |
+----------+--------+-----------+--------+
|  Label   | 0.4987 |   0.5038  | 0.5824 |
|  Entity  | 0.8202 |   0.8737  | 0.7728 |
+----------+--------+-----------+--------+
2023-05-16 16:20:05 - INFO: Saved model to weights/changhai.pt.
2023-05-16 16:20:05 - INFO: ----------Epoch: 15----------
Training epoch 16: 100%|██████████| 119/119 [01:01<00:00,  1.93it/s]
/home/bureaux/miniconda3/envs/w2ner/lib/python3.8/site-packages/sklearn/metrics/_classification.py:1344: UndefinedMetricWarning: Precision and F-score are ill-defined and being set to 0.0 in labels with no predicted samples. Use `zero_division` parameter to control this behavior.
  _warn_prf(average, modifier, msg_start, len(result))
2023-05-16 16:21:18 - INFO:
+----------+--------+--------+-----------+--------+
| Train 16 |  Loss  |   F1   | Precision | Recall |
+----------+--------+--------+-----------+--------+
|  Label   | 0.0003 | 0.4930 |   0.6273  | 0.4519 |
+----------+--------+--------+-----------+--------+
Epoch 16 dev set: 100%|██████████| 40/40 [00:10<00:00,  3.73it/s]
/home/bureaux/miniconda3/envs/w2ner/lib/python3.8/site-packages/sklearn/metrics/_classification.py:1344: UndefinedMetricWarning: Precision and F-score are ill-defined and being set to 0.0 in labels with no predicted samples. Use `zero_division` parameter to control this behavior.
  _warn_prf(average, modifier, msg_start, len(result))
2023-05-16 16:21:36 - INFO: VALID Label F1 [0.9999703  0.93696581 0.67661692 0.68722467 0.77192982 0.70945946
 0.         0.         0.68944099 0.72093023 0.69731801 0.
 0.         0.        ]
2023-05-16 16:21:36 - INFO:
+----------+--------+-----------+--------+
| VALID 16 |   F1   | Precision | Recall |
+----------+--------+-----------+--------+
|  Label   | 0.4921 |   0.4356  | 0.5780 |
|  Entity  | 0.8411 |   0.9246  | 0.7715 |
+----------+--------+-----------+--------+
2023-05-16 16:21:36 - INFO: Saved model to weights/changhai.pt.
2023-05-16 16:21:36 - INFO: ----------Epoch: 16----------
Training epoch 17: 100%|██████████| 119/119 [01:01<00:00,  1.93it/s]
/home/bureaux/miniconda3/envs/w2ner/lib/python3.8/site-packages/sklearn/metrics/_classification.py:1344: UndefinedMetricWarning: Precision and F-score are ill-defined and being set to 0.0 in labels with no predicted samples. Use `zero_division` parameter to control this behavior.
  _warn_prf(average, modifier, msg_start, len(result))
2023-05-16 16:22:49 - INFO:
+----------+--------+--------+-----------+--------+
| Train 17 |  Loss  |   F1   | Precision | Recall |
+----------+--------+--------+-----------+--------+
|  Label   | 0.0003 | 0.4955 |   0.5966  | 0.4565 |
+----------+--------+--------+-----------+--------+
Epoch 17 dev set: 100%|██████████| 40/40 [00:10<00:00,  3.74it/s]
/home/bureaux/miniconda3/envs/w2ner/lib/python3.8/site-packages/sklearn/metrics/_classification.py:1344: UndefinedMetricWarning: Precision and F-score are ill-defined and being set to 0.0 in labels with no predicted samples. Use `zero_division` parameter to control this behavior.
  _warn_prf(average, modifier, msg_start, len(result))
2023-05-16 16:23:07 - INFO: VALID Label F1 [0.99997616 0.93351206 0.80503145 0.74641148 0.81860465 0.76153846
 0.         0.         0.75       0.84671533 0.77118644 0.
 0.11764706 0.        ]
2023-05-16 16:23:07 - INFO:
+----------+--------+-----------+--------+
| VALID 17 |   F1   | Precision | Recall |
+----------+--------+-----------+--------+
|  Label   | 0.5393 |   0.5499  | 0.5653 |
|  Entity  | 0.8276 |   0.9396  | 0.7394 |
+----------+--------+-----------+--------+
2023-05-16 16:23:07 - INFO: Epoch did not improve: 1/3.
2023-05-16 16:23:07 - INFO: ----------Epoch: 17----------
Training epoch 18: 100%|██████████| 119/119 [01:01<00:00,  1.93it/s]
/home/bureaux/miniconda3/envs/w2ner/lib/python3.8/site-packages/sklearn/metrics/_classification.py:1344: UndefinedMetricWarning: Precision and F-score are ill-defined and being set to 0.0 in labels with no predicted samples. Use `zero_division` parameter to control this behavior.
  _warn_prf(average, modifier, msg_start, len(result))
2023-05-16 16:24:20 - INFO:
+----------+--------+--------+-----------+--------+
| Train 18 |  Loss  |   F1   | Precision | Recall |
+----------+--------+--------+-----------+--------+
|  Label   | 0.0003 | 0.5032 |   0.6801  | 0.4597 |
+----------+--------+--------+-----------+--------+
Epoch 18 dev set: 100%|██████████| 40/40 [00:10<00:00,  3.81it/s]
/home/bureaux/miniconda3/envs/w2ner/lib/python3.8/site-packages/sklearn/metrics/_classification.py:1344: UndefinedMetricWarning: Precision and F-score are ill-defined and being set to 0.0 in labels with no predicted samples. Use `zero_division` parameter to control this behavior.
  _warn_prf(average, modifier, msg_start, len(result))
2023-05-16 16:24:38 - INFO: VALID Label F1 [0.9999763  0.93500136 0.79503106 0.74757282 0.82629108 0.76923077
 0.         0.         0.74048443 0.85294118 0.78448276 0.
 0.11111111 0.        ]
2023-05-16 16:24:38 - INFO:
+----------+--------+-----------+--------+
| VALID 18 |   F1   | Precision | Recall |
+----------+--------+-----------+--------+
|  Label   | 0.5402 |   0.5340  | 0.5711 |
|  Entity  | 0.8362 |   0.9392  | 0.7535 |
+----------+--------+-----------+--------+
2023-05-16 16:24:38 - INFO: Epoch did not improve: 2/3.
2023-05-16 16:24:38 - INFO: ----------Epoch: 18----------
Training epoch 19: 100%|██████████| 119/119 [00:58<00:00,  2.02it/s]
/home/bureaux/miniconda3/envs/w2ner/lib/python3.8/site-packages/sklearn/metrics/_classification.py:1344: UndefinedMetricWarning: Precision and F-score are ill-defined and being set to 0.0 in labels with no predicted samples. Use `zero_division` parameter to control this behavior.
  _warn_prf(average, modifier, msg_start, len(result))
2023-05-16 16:25:48 - INFO:
+----------+--------+--------+-----------+--------+
| Train 19 |  Loss  |   F1   | Precision | Recall |
+----------+--------+--------+-----------+--------+
|  Label   | 0.0003 | 0.4985 |   0.6091  | 0.4597 |
+----------+--------+--------+-----------+--------+
Epoch 19 dev set: 100%|██████████| 40/40 [00:10<00:00,  3.75it/s]
/home/bureaux/miniconda3/envs/w2ner/lib/python3.8/site-packages/sklearn/metrics/_classification.py:1344: UndefinedMetricWarning: Precision and F-score are ill-defined and being set to 0.0 in labels with no predicted samples. Use `zero_division` parameter to control this behavior.
  _warn_prf(average, modifier, msg_start, len(result))
2023-05-16 16:26:06 - INFO: VALID Label F1 [0.99997612 0.9362389  0.76923077 0.71889401 0.86567164 0.77372263
 0.         0.         0.74825175 0.84892086 0.76793249 0.
 0.11111111 0.        ]
2023-05-16 16:26:06 - INFO:
+----------+--------+-----------+--------+
| VALID 19 |   F1   | Precision | Recall |
+----------+--------+-----------+--------+
|  Label   | 0.5386 |   0.5282  | 0.5744 |
|  Entity  | 0.8385 |   0.9352  | 0.7599 |
+----------+--------+-----------+--------+
2023-05-16 16:26:06 - INFO: Epoch did not improve: 3/3.
2023-05-16 16:26:06 - INFO: Early stopping at epoch 19.
2023-05-16 16:26:06 - INFO: Best DEV F1: 0.8411

进程已结束,退出代码0
