/home/bureaux/miniconda3/envs/w2ner/bin/python /home/bureaux/Projects/W2NER/train.py --config ./config/changhai.json
2023-05-23 15:14:45 - INFO: dict_items([('dataset', 'changhai'), ('save_path', 'weights/changhai_medbert.pt'), ('vocab_path', 'weights/changhai.vocab'), ('dist_emb_size', 20), ('type_emb_size', 20), ('lstm_hid_size', 512), ('conv_hid_size', 96), ('bert_hid_size', 768), ('biaffine_size', 512), ('ffnn_hid_size', 288), ('dilation', [1, 2, 3]), ('emb_dropout', 0.5), ('conv_dropout', 0.5), ('out_dropout', 0.33), ('epochs', 30), ('batch_size', 4), ('learning_rate', 0.001), ('weight_decay', 0), ('clip_grad_norm', 5.0), ('bert_name', './medbert-kd-chinese'), ('bert_learning_rate', 5e-06), ('warm_factor', 0.1), ('early_stop_patience', 3), ('use_bert_last_4_layers', True), ('seed', 123), ('config', './config/changhai.json'), ('device', 0)])
2023-05-23 15:14:47 - INFO: Loading Data
2023-05-23 15:14:47 - INFO:
+----------+-----------+----------+
| changhai | sentences | entities |
+----------+-----------+----------+
|  train   |    504    |   2709   |
|   dev    |    168    |   965    |
|   test   |     0     |    0     |
+----------+-----------+----------+
2023-05-23 15:15:28 - INFO: Building Model
Some weights of the model checkpoint at ./medbert-kd-chinese were not used when initializing BertModel: ['classifier.bias', 'classifier.weight']
- This IS expected if you are initializing BertModel from the checkpoint of a model trained on another task or with another architecture (e.g. initializing a BertForSequenceClassification model from a BertForPreTraining model).
- This IS NOT expected if you are initializing BertModel from the checkpoint of a model that you expect to be exactly identical (initializing a BertForSequenceClassification model from a BertForSequenceClassification model).
/home/bureaux/miniconda3/envs/w2ner/lib/python3.8/site-packages/transformers/optimization.py:306: FutureWarning: This implementation of AdamW is deprecated and will be removed in a future version. Use the PyTorch implementation torch.optim.AdamW instead, or set `no_deprecation_warning=True` to disable this warning
  warnings.warn(
2023-05-23 15:15:30 - INFO: ----------Epoch: 1----------
Training epoch 1: 100%|██████████| 126/126 [01:56<00:00,  1.08it/s]
2023-05-23 15:17:41 - INFO:
+---------+--------+--------+-----------+--------+
| Train 1 |  Loss  |   F1   | Precision | Recall |
+---------+--------+--------+-----------+--------+
|  Label  | 0.5312 | 0.0638 |   0.0667  | 0.0692 |
+---------+--------+--------+-----------+--------+
Epoch 1 dev set: 100%|██████████| 42/42 [00:12<00:00,  3.39it/s]
/home/bureaux/miniconda3/envs/w2ner/lib/python3.8/site-packages/sklearn/metrics/_classification.py:1344: UndefinedMetricWarning: Precision and F-score are ill-defined and being set to 0.0 in labels with no predicted samples. Use `zero_division` parameter to control this behavior.
  _warn_prf(average, modifier, msg_start, len(result))
2023-05-23 15:18:02 - INFO: VALID Label F1 [0.99988234 0.         0.         0.         0.         0.
 0.         0.         0.         0.         0.         0.
 0.         0.         0.        ]
2023-05-23 15:18:02 - INFO:
+---------+--------+-----------+--------+
| VALID 1 |   F1   | Precision | Recall |
+---------+--------+-----------+--------+
|  Label  | 0.0667 |   0.0667  | 0.0667 |
|  Entity | 0.0000 |   0.0000  | 0.0000 |
+---------+--------+-----------+--------+
2023-05-23 15:18:03 - INFO: Saved model to weights/changhai_medbert.pt.
2023-05-23 15:18:03 - INFO: ----------Epoch: 2----------
Training epoch 2: 100%|██████████| 126/126 [02:02<00:00,  1.03it/s]
/home/bureaux/miniconda3/envs/w2ner/lib/python3.8/site-packages/sklearn/metrics/_classification.py:1344: UndefinedMetricWarning: Precision and F-score are ill-defined and being set to 0.0 in labels with no predicted samples. Use `zero_division` parameter to control this behavior.
  _warn_prf(average, modifier, msg_start, len(result))
2023-05-23 15:20:18 - INFO:
+---------+--------+--------+-----------+--------+
| Train 2 |  Loss  |   F1   | Precision | Recall |
+---------+--------+--------+-----------+--------+
|  Label  | 0.0018 | 0.0667 |   0.0667  | 0.0667 |
+---------+--------+--------+-----------+--------+
Epoch 2 dev set: 100%|██████████| 42/42 [00:11<00:00,  3.77it/s]
/home/bureaux/miniconda3/envs/w2ner/lib/python3.8/site-packages/sklearn/metrics/_classification.py:1344: UndefinedMetricWarning: Precision and F-score are ill-defined and being set to 0.0 in labels with no predicted samples. Use `zero_division` parameter to control this behavior.
  _warn_prf(average, modifier, msg_start, len(result))
2023-05-23 15:20:36 - INFO: VALID Label F1 [0.99988234 0.         0.         0.         0.         0.
 0.         0.         0.         0.         0.         0.
 0.         0.         0.        ]
2023-05-23 15:20:36 - INFO:
+---------+--------+-----------+--------+
| VALID 2 |   F1   | Precision | Recall |
+---------+--------+-----------+--------+
|  Label  | 0.0667 |   0.0667  | 0.0667 |
|  Entity | 0.0000 |   0.0000  | 0.0000 |
+---------+--------+-----------+--------+
2023-05-23 15:20:37 - INFO: Saved model to weights/changhai_medbert.pt.
2023-05-23 15:20:37 - INFO: ----------Epoch: 3----------
Training epoch 3: 100%|██████████| 126/126 [02:12<00:00,  1.05s/it]
/home/bureaux/miniconda3/envs/w2ner/lib/python3.8/site-packages/sklearn/metrics/_classification.py:1344: UndefinedMetricWarning: Precision and F-score are ill-defined and being set to 0.0 in labels with no predicted samples. Use `zero_division` parameter to control this behavior.
  _warn_prf(average, modifier, msg_start, len(result))
2023-05-23 15:23:02 - INFO:
+---------+--------+--------+-----------+--------+
| Train 3 |  Loss  |   F1   | Precision | Recall |
+---------+--------+--------+-----------+--------+
|  Label  | 0.0016 | 0.0667 |   0.0667  | 0.0667 |
+---------+--------+--------+-----------+--------+
Epoch 3 dev set: 100%|██████████| 42/42 [00:11<00:00,  3.73it/s]
/home/bureaux/miniconda3/envs/w2ner/lib/python3.8/site-packages/sklearn/metrics/_classification.py:1344: UndefinedMetricWarning: Precision and F-score are ill-defined and being set to 0.0 in labels with no predicted samples. Use `zero_division` parameter to control this behavior.
  _warn_prf(average, modifier, msg_start, len(result))
2023-05-23 15:23:21 - INFO: VALID Label F1 [0.99988227 0.         0.         0.         0.         0.
 0.         0.         0.         0.         0.         0.
 0.         0.         0.        ]
2023-05-23 15:23:21 - INFO:
+---------+--------+-----------+--------+
| VALID 3 |   F1   | Precision | Recall |
+---------+--------+-----------+--------+
|  Label  | 0.0667 |   0.0667  | 0.0667 |
|  Entity | 0.0000 |   0.0000  | 0.0000 |
+---------+--------+-----------+--------+
2023-05-23 15:23:22 - INFO: Saved model to weights/changhai_medbert.pt.
2023-05-23 15:23:22 - INFO: ----------Epoch: 4----------
Training epoch 4: 100%|██████████| 126/126 [02:16<00:00,  1.08s/it]
/home/bureaux/miniconda3/envs/w2ner/lib/python3.8/site-packages/sklearn/metrics/_classification.py:1344: UndefinedMetricWarning: Precision and F-score are ill-defined and being set to 0.0 in labels with no predicted samples. Use `zero_division` parameter to control this behavior.
  _warn_prf(average, modifier, msg_start, len(result))
2023-05-23 15:25:52 - INFO:
+---------+--------+--------+-----------+--------+
| Train 4 |  Loss  |   F1   | Precision | Recall |
+---------+--------+--------+-----------+--------+
|  Label  | 0.0013 | 0.0830 |   0.4028  | 0.0752 |
+---------+--------+--------+-----------+--------+
Epoch 4 dev set: 100%|██████████| 42/42 [00:11<00:00,  3.79it/s]
/home/bureaux/miniconda3/envs/w2ner/lib/python3.8/site-packages/sklearn/metrics/_classification.py:1344: UndefinedMetricWarning: Precision and F-score are ill-defined and being set to 0.0 in labels with no predicted samples. Use `zero_division` parameter to control this behavior.
  _warn_prf(average, modifier, msg_start, len(result))
2023-05-23 15:26:10 - INFO: VALID Label F1 [0.99989002 0.12050985 0.3826087  0.         0.02797203 0.
 0.50588235 0.48979592 0.27586207 0.         0.         0.
 0.         0.         0.        ]
2023-05-23 15:26:10 - INFO:
+---------+--------+-----------+--------+
| VALID 4 |   F1   | Precision | Recall |
+---------+--------+-----------+--------+
|  Label  | 0.1868 |   0.4334  | 0.1444 |
|  Entity | 0.0000 |   0.0000  | 0.0000 |
+---------+--------+-----------+--------+
2023-05-23 15:26:12 - INFO: Saved model to weights/changhai_medbert.pt.
2023-05-23 15:26:12 - INFO: ----------Epoch: 5----------
Training epoch 5: 100%|██████████| 126/126 [02:13<00:00,  1.06s/it]
/home/bureaux/miniconda3/envs/w2ner/lib/python3.8/site-packages/sklearn/metrics/_classification.py:1344: UndefinedMetricWarning: Precision and F-score are ill-defined and being set to 0.0 in labels with no predicted samples. Use `zero_division` parameter to control this behavior.
  _warn_prf(average, modifier, msg_start, len(result))
2023-05-23 15:28:37 - INFO:
+---------+--------+--------+-----------+--------+
| Train 5 |  Loss  |   F1   | Precision | Recall |
+---------+--------+--------+-----------+--------+
|  Label  | 0.0008 | 0.2451 |   0.4448  | 0.1874 |
+---------+--------+--------+-----------+--------+
Epoch 5 dev set: 100%|██████████| 42/42 [00:11<00:00,  3.66it/s]
/home/bureaux/miniconda3/envs/w2ner/lib/python3.8/site-packages/sklearn/metrics/_classification.py:1344: UndefinedMetricWarning: Precision and F-score are ill-defined and being set to 0.0 in labels with no predicted samples. Use `zero_division` parameter to control this behavior.
  _warn_prf(average, modifier, msg_start, len(result))
2023-05-23 15:28:56 - INFO: VALID Label F1 [0.99994901 0.80514342 0.59574468 0.8516129  0.54609929 0.90710383
 0.81690141 0.84761905 0.34969325 0.         0.         0.
 0.         0.         0.        ]
2023-05-23 15:28:56 - INFO:
+---------+--------+-----------+--------+
| VALID 5 |   F1   | Precision | Recall |
+---------+--------+-----------+--------+
|  Label  | 0.4480 |   0.4847  | 0.4194 |
|  Entity | 0.4558 |   0.9538  | 0.2995 |
+---------+--------+-----------+--------+
2023-05-23 15:28:57 - INFO: Saved model to weights/changhai_medbert.pt.
2023-05-23 15:28:57 - INFO: ----------Epoch: 6----------
Training epoch 6: 100%|██████████| 126/126 [02:14<00:00,  1.07s/it]
/home/bureaux/miniconda3/envs/w2ner/lib/python3.8/site-packages/sklearn/metrics/_classification.py:1344: UndefinedMetricWarning: Precision and F-score are ill-defined and being set to 0.0 in labels with no predicted samples. Use `zero_division` parameter to control this behavior.
  _warn_prf(average, modifier, msg_start, len(result))
2023-05-23 15:31:24 - INFO:
+---------+--------+--------+-----------+--------+
| Train 6 |  Loss  |   F1   | Precision | Recall |
+---------+--------+--------+-----------+--------+
|  Label  | 0.0005 | 0.3863 |   0.4977  | 0.3251 |
+---------+--------+--------+-----------+--------+
Epoch 6 dev set: 100%|██████████| 42/42 [00:11<00:00,  3.64it/s]
/home/bureaux/miniconda3/envs/w2ner/lib/python3.8/site-packages/sklearn/metrics/_classification.py:1344: UndefinedMetricWarning: Precision and F-score are ill-defined and being set to 0.0 in labels with no predicted samples. Use `zero_division` parameter to control this behavior.
  _warn_prf(average, modifier, msg_start, len(result))
2023-05-23 15:31:43 - INFO: VALID Label F1 [0.99995705 0.88274428 0.63687151 0.81707317 0.65502183 0.78703704
 0.70411985 0.68918919 0.488      0.         0.         0.
 0.         0.         0.        ]
2023-05-23 15:31:43 - INFO:
+---------+--------+-----------+--------+
| VALID 6 |   F1   | Precision | Recall |
+---------+--------+-----------+--------+
|  Label  | 0.4440 |   0.4650  | 0.4485 |
|  Entity | 0.6408 |   0.7571  | 0.5554 |
+---------+--------+-----------+--------+
2023-05-23 15:31:44 - INFO: Saved model to weights/changhai_medbert.pt.
2023-05-23 15:31:44 - INFO: ----------Epoch: 7----------
Training epoch 7: 100%|██████████| 126/126 [02:18<00:00,  1.10s/it]
/home/bureaux/miniconda3/envs/w2ner/lib/python3.8/site-packages/sklearn/metrics/_classification.py:1344: UndefinedMetricWarning: Precision and F-score are ill-defined and being set to 0.0 in labels with no predicted samples. Use `zero_division` parameter to control this behavior.
  _warn_prf(average, modifier, msg_start, len(result))
2023-05-23 15:34:15 - INFO:
+---------+--------+--------+-----------+--------+
| Train 7 |  Loss  |   F1   | Precision | Recall |
+---------+--------+--------+-----------+--------+
|  Label  | 0.0004 | 0.4430 |   0.5059  | 0.4007 |
+---------+--------+--------+-----------+--------+
Epoch 7 dev set: 100%|██████████| 42/42 [00:11<00:00,  3.64it/s]
/home/bureaux/miniconda3/envs/w2ner/lib/python3.8/site-packages/sklearn/metrics/_classification.py:1344: UndefinedMetricWarning: Precision and F-score are ill-defined and being set to 0.0 in labels with no predicted samples. Use `zero_division` parameter to control this behavior.
  _warn_prf(average, modifier, msg_start, len(result))
2023-05-23 15:34:35 - INFO: VALID Label F1 [0.99994728 0.9013571  0.49635036 0.72631579 0.61917808 0.65068493
 0.63095238 0.60946746 0.56422018 0.         0.         0.
 0.         0.         0.        ]
2023-05-23 15:34:35 - INFO:
+---------+--------+-----------+--------+
| VALID 7 |   F1   | Precision | Recall |
+---------+--------+-----------+--------+
|  Label  | 0.4132 |   0.3548  | 0.5165 |
|  Entity | 0.7416 |   0.7918  | 0.6974 |
+---------+--------+-----------+--------+
2023-05-23 15:34:36 - INFO: Saved model to weights/changhai_medbert.pt.
2023-05-23 15:34:36 - INFO: ----------Epoch: 8----------
Training epoch 8: 100%|██████████| 126/126 [02:12<00:00,  1.05s/it]
/home/bureaux/miniconda3/envs/w2ner/lib/python3.8/site-packages/sklearn/metrics/_classification.py:1344: UndefinedMetricWarning: Precision and F-score are ill-defined and being set to 0.0 in labels with no predicted samples. Use `zero_division` parameter to control this behavior.
  _warn_prf(average, modifier, msg_start, len(result))
2023-05-23 15:37:01 - INFO:
+---------+--------+--------+-----------+--------+
| Train 8 |  Loss  |   F1   | Precision | Recall |
+---------+--------+--------+-----------+--------+
|  Label  | 0.0003 | 0.4635 |   0.5176  | 0.4254 |
+---------+--------+--------+-----------+--------+
Epoch 8 dev set: 100%|██████████| 42/42 [00:11<00:00,  3.64it/s]
/home/bureaux/miniconda3/envs/w2ner/lib/python3.8/site-packages/sklearn/metrics/_classification.py:1344: UndefinedMetricWarning: Precision and F-score are ill-defined and being set to 0.0 in labels with no predicted samples. Use `zero_division` parameter to control this behavior.
  _warn_prf(average, modifier, msg_start, len(result))
2023-05-23 15:37:20 - INFO: VALID Label F1 [0.99996075 0.91220115 0.68539326 0.7431694  0.71216617 0.77586207
 0.75373134 0.70790378 0.58563536 0.         0.         0.05714286
 0.         0.         0.        ]
2023-05-23 15:37:20 - INFO:
+---------+--------+-----------+--------+
| VALID 8 |   F1   | Precision | Recall |
+---------+--------+-----------+--------+
|  Label  | 0.4622 |   0.4949  | 0.5030 |
|  Entity | 0.7373 |   0.8190  | 0.6705 |
+---------+--------+-----------+--------+
2023-05-23 15:37:20 - INFO: Epoch did not improve: 1/3.
2023-05-23 15:37:20 - INFO: ----------Epoch: 9----------
Training epoch 9: 100%|██████████| 126/126 [02:15<00:00,  1.07s/it]
/home/bureaux/miniconda3/envs/w2ner/lib/python3.8/site-packages/sklearn/metrics/_classification.py:1344: UndefinedMetricWarning: Precision and F-score are ill-defined and being set to 0.0 in labels with no predicted samples. Use `zero_division` parameter to control this behavior.
  _warn_prf(average, modifier, msg_start, len(result))
2023-05-23 15:39:47 - INFO:
+---------+--------+--------+-----------+--------+
| Train 9 |  Loss  |   F1   | Precision | Recall |
+---------+--------+--------+-----------+--------+
|  Label  | 0.0003 | 0.4901 |   0.6692  | 0.4514 |
+---------+--------+--------+-----------+--------+
Epoch 9 dev set: 100%|██████████| 42/42 [00:11<00:00,  3.67it/s]
/home/bureaux/miniconda3/envs/w2ner/lib/python3.8/site-packages/sklearn/metrics/_classification.py:1344: UndefinedMetricWarning: Precision and F-score are ill-defined and being set to 0.0 in labels with no predicted samples. Use `zero_division` parameter to control this behavior.
  _warn_prf(average, modifier, msg_start, len(result))
2023-05-23 15:40:06 - INFO: VALID Label F1 [0.99996643 0.92751236 0.7125     0.76756757 0.70662461 0.80365297
 0.7421875  0.78625954 0.49372385 0.         0.         0.29268293
 0.         0.         0.        ]
2023-05-23 15:40:06 - INFO:
+---------+--------+-----------+--------+
| VALID 9 |   F1   | Precision | Recall |
+---------+--------+-----------+--------+
|  Label  | 0.4822 |   0.5329  | 0.4869 |
|  Entity | 0.7359 |   0.9463  | 0.6021 |
+---------+--------+-----------+--------+
2023-05-23 15:40:06 - INFO: Epoch did not improve: 2/3.
2023-05-23 15:40:06 - INFO: ----------Epoch: 10----------
Training epoch 10: 100%|██████████| 126/126 [02:18<00:00,  1.10s/it]
/home/bureaux/miniconda3/envs/w2ner/lib/python3.8/site-packages/sklearn/metrics/_classification.py:1344: UndefinedMetricWarning: Precision and F-score are ill-defined and being set to 0.0 in labels with no predicted samples. Use `zero_division` parameter to control this behavior.
  _warn_prf(average, modifier, msg_start, len(result))
2023-05-23 15:42:36 - INFO:
+----------+--------+--------+-----------+--------+
| Train 10 |  Loss  |   F1   | Precision | Recall |
+----------+--------+--------+-----------+--------+
|  Label   | 0.0003 | 0.4946 |   0.5696  | 0.4579 |
+----------+--------+--------+-----------+--------+
Epoch 10 dev set: 100%|██████████| 42/42 [00:11<00:00,  3.67it/s]
/home/bureaux/miniconda3/envs/w2ner/lib/python3.8/site-packages/sklearn/metrics/_classification.py:1344: UndefinedMetricWarning: Precision and F-score are ill-defined and being set to 0.0 in labels with no predicted samples. Use `zero_division` parameter to control this behavior.
  _warn_prf(average, modifier, msg_start, len(result))
2023-05-23 15:42:55 - INFO: VALID Label F1 [0.99996195 0.91905052 0.74251497 0.71090047 0.7202381  0.80530973
 0.68152866 0.75735294 0.63613232 0.         0.         0.29268293
 0.04545455 0.         0.        ]
2023-05-23 15:42:55 - INFO:
+----------+--------+-----------+--------+
| VALID 10 |   F1   | Precision | Recall |
+----------+--------+-----------+--------+
|  Label   | 0.4874 |   0.5522  | 0.5337 |
|  Entity  | 0.7922 |   0.8912  | 0.7130 |
+----------+--------+-----------+--------+
2023-05-23 15:42:57 - INFO: Saved model to weights/changhai_medbert.pt.
2023-05-23 15:42:57 - INFO: ----------Epoch: 11----------
Training epoch 11: 100%|██████████| 126/126 [02:14<00:00,  1.07s/it]
/home/bureaux/miniconda3/envs/w2ner/lib/python3.8/site-packages/sklearn/metrics/_classification.py:1344: UndefinedMetricWarning: Precision and F-score are ill-defined and being set to 0.0 in labels with no predicted samples. Use `zero_division` parameter to control this behavior.
  _warn_prf(average, modifier, msg_start, len(result))
2023-05-23 15:45:24 - INFO:
+----------+--------+--------+-----------+--------+
| Train 11 |  Loss  |   F1   | Precision | Recall |
+----------+--------+--------+-----------+--------+
|  Label   | 0.0002 | 0.5128 |   0.6363  | 0.4730 |
+----------+--------+--------+-----------+--------+
Epoch 11 dev set: 100%|██████████| 42/42 [00:11<00:00,  3.54it/s]
/home/bureaux/miniconda3/envs/w2ner/lib/python3.8/site-packages/sklearn/metrics/_classification.py:1344: UndefinedMetricWarning: Precision and F-score are ill-defined and being set to 0.0 in labels with no predicted samples. Use `zero_division` parameter to control this behavior.
  _warn_prf(average, modifier, msg_start, len(result))
2023-05-23 15:45:44 - INFO: VALID Label F1 [0.99996886 0.93188346 0.75138122 0.77419355 0.74251497 0.86868687
 0.8045977  0.74100719 0.67353952 0.         0.         0.27906977
 0.04444444 0.         0.        ]
2023-05-23 15:45:44 - INFO:
+----------+--------+-----------+--------+
| VALID 11 |   F1   | Precision | Recall |
+----------+--------+-----------+--------+
|  Label   | 0.5074 |   0.5523  | 0.5225 |
|  Entity  | 0.7891 |   0.9464  | 0.6767 |
+----------+--------+-----------+--------+
2023-05-23 15:45:44 - INFO: Epoch did not improve: 1/3.
2023-05-23 15:45:44 - INFO: ----------Epoch: 12----------
Training epoch 12: 100%|██████████| 126/126 [02:13<00:00,  1.06s/it]
/home/bureaux/miniconda3/envs/w2ner/lib/python3.8/site-packages/sklearn/metrics/_classification.py:1344: UndefinedMetricWarning: Precision and F-score are ill-defined and being set to 0.0 in labels with no predicted samples. Use `zero_division` parameter to control this behavior.
  _warn_prf(average, modifier, msg_start, len(result))
2023-05-23 15:48:10 - INFO:
+----------+--------+--------+-----------+--------+
| Train 12 |  Loss  |   F1   | Precision | Recall |
+----------+--------+--------+-----------+--------+
|  Label   | 0.0002 | 0.5149 |   0.6458  | 0.4798 |
+----------+--------+--------+-----------+--------+
Epoch 12 dev set: 100%|██████████| 42/42 [00:11<00:00,  3.70it/s]
/home/bureaux/miniconda3/envs/w2ner/lib/python3.8/site-packages/sklearn/metrics/_classification.py:1344: UndefinedMetricWarning: Precision and F-score are ill-defined and being set to 0.0 in labels with no predicted samples. Use `zero_division` parameter to control this behavior.
  _warn_prf(average, modifier, msg_start, len(result))
2023-05-23 15:48:29 - INFO: VALID Label F1 [0.99996435 0.93076762 0.68493151 0.69058296 0.72886297 0.69784173
 0.74482759 0.72791519 0.69565217 0.         0.15384615 0.45833333
 0.12765957 0.         0.        ]
2023-05-23 15:48:29 - INFO:
+----------+--------+-----------+--------+
| VALID 12 |   F1   | Precision | Recall |
+----------+--------+-----------+--------+
|  Label   | 0.5094 |   0.5896  | 0.5603 |
|  Entity  | 0.8174 |   0.9431  | 0.7212 |
+----------+--------+-----------+--------+
2023-05-23 15:48:30 - INFO: Saved model to weights/changhai_medbert.pt.
2023-05-23 15:48:30 - INFO: ----------Epoch: 13----------
Training epoch 13: 100%|██████████| 126/126 [02:11<00:00,  1.04s/it]
/home/bureaux/miniconda3/envs/w2ner/lib/python3.8/site-packages/sklearn/metrics/_classification.py:1344: UndefinedMetricWarning: Precision and F-score are ill-defined and being set to 0.0 in labels with no predicted samples. Use `zero_division` parameter to control this behavior.
  _warn_prf(average, modifier, msg_start, len(result))
2023-05-23 15:50:54 - INFO:
+----------+--------+--------+-----------+--------+
| Train 13 |  Loss  |   F1   | Precision | Recall |
+----------+--------+--------+-----------+--------+
|  Label   | 0.0002 | 0.5237 |   0.6995  | 0.4861 |
+----------+--------+--------+-----------+--------+
Epoch 13 dev set: 100%|██████████| 42/42 [00:11<00:00,  3.77it/s]
/home/bureaux/miniconda3/envs/w2ner/lib/python3.8/site-packages/sklearn/metrics/_classification.py:1344: UndefinedMetricWarning: Precision and F-score are ill-defined and being set to 0.0 in labels with no predicted samples. Use `zero_division` parameter to control this behavior.
  _warn_prf(average, modifier, msg_start, len(result))
2023-05-23 15:51:12 - INFO: VALID Label F1 [0.99997048 0.93959732 0.82417582 0.7638191  0.7283237  0.73484848
 0.84291188 0.82213439 0.71505376 0.         0.15384615 0.50980392
 0.52054795 0.28571429 0.        ]
2023-05-23 15:51:12 - INFO:
+----------+--------+-----------+--------+
| VALID 13 |   F1   | Precision | Recall |
+----------+--------+-----------+--------+
|  Label   | 0.5894 |   0.6823  | 0.6131 |
|  Entity  | 0.8492 |   0.9374  | 0.7762 |
+----------+--------+-----------+--------+
2023-05-23 15:51:14 - INFO: Saved model to weights/changhai_medbert.pt.
2023-05-23 15:51:14 - INFO: ----------Epoch: 14----------
Training epoch 14: 100%|██████████| 126/126 [02:11<00:00,  1.04s/it]
/home/bureaux/miniconda3/envs/w2ner/lib/python3.8/site-packages/sklearn/metrics/_classification.py:1344: UndefinedMetricWarning: Precision and F-score are ill-defined and being set to 0.0 in labels with no predicted samples. Use `zero_division` parameter to control this behavior.
  _warn_prf(average, modifier, msg_start, len(result))
2023-05-23 15:53:37 - INFO:
+----------+--------+--------+-----------+--------+
| Train 14 |  Loss  |   F1   | Precision | Recall |
+----------+--------+--------+-----------+--------+
|  Label   | 0.0002 | 0.5530 |   0.7658  | 0.5103 |
+----------+--------+--------+-----------+--------+
Epoch 14 dev set: 100%|██████████| 42/42 [00:11<00:00,  3.68it/s]
2023-05-23 15:53:56 - INFO: VALID Label F1 [0.99996551 0.93344426 0.76855895 0.79396985 0.72364672 0.73764259
 0.84363636 0.824      0.58893281 0.125      0.64864865 0.68493151
 0.36363636 0.28571429 0.        ]
2023-05-23 15:53:56 - INFO:
+----------+--------+-----------+--------+
| VALID 14 |   F1   | Precision | Recall |
+----------+--------+-----------+--------+
|  Label   | 0.6214 |   0.7199  | 0.6760 |
|  Entity  | 0.8686 |   0.9122  | 0.8290 |
+----------+--------+-----------+--------+
2023-05-23 15:53:58 - INFO: Saved model to weights/changhai_medbert.pt.
2023-05-23 15:53:58 - INFO: ----------Epoch: 15----------
Training epoch 15: 100%|██████████| 126/126 [02:12<00:00,  1.06s/it]
2023-05-23 15:56:23 - INFO:
+----------+--------+--------+-----------+--------+
| Train 15 |  Loss  |   F1   | Precision | Recall |
+----------+--------+--------+-----------+--------+
|  Label   | 0.0002 | 0.5763 |   0.7653  | 0.5274 |
+----------+--------+--------+-----------+--------+
Epoch 15 dev set: 100%|██████████| 42/42 [00:11<00:00,  3.68it/s]
/home/bureaux/miniconda3/envs/w2ner/lib/python3.8/site-packages/sklearn/metrics/_classification.py:1344: UndefinedMetricWarning: Precision and F-score are ill-defined and being set to 0.0 in labels with no predicted samples. Use `zero_division` parameter to control this behavior.
  _warn_prf(average, modifier, msg_start, len(result))
2023-05-23 15:56:42 - INFO: VALID Label F1 [0.99997045 0.93556382 0.84974093 0.79396985 0.73255814 0.74615385
 0.86923077 0.88888889 0.71960298 0.125      0.68421053 0.66666667
 0.53225806 0.58333333 0.        ]
2023-05-23 15:56:42 - INFO:
+----------+--------+-----------+--------+
| VALID 15 |   F1   | Precision | Recall |
+----------+--------+-----------+--------+
|  Label   | 0.6751 |   0.6969  | 0.7374 |
|  Entity  | 0.8838 |   0.9233  | 0.8477 |
+----------+--------+-----------+--------+
2023-05-23 15:56:43 - INFO: Saved model to weights/changhai_medbert.pt.
2023-05-23 15:56:43 - INFO: ----------Epoch: 16----------
Training epoch 16: 100%|██████████| 126/126 [02:16<00:00,  1.08s/it]
/home/bureaux/miniconda3/envs/w2ner/lib/python3.8/site-packages/sklearn/metrics/_classification.py:1344: UndefinedMetricWarning: Precision and F-score are ill-defined and being set to 0.0 in labels with no predicted samples. Use `zero_division` parameter to control this behavior.
  _warn_prf(average, modifier, msg_start, len(result))
2023-05-23 15:59:12 - INFO:
+----------+--------+--------+-----------+--------+
| Train 16 |  Loss  |   F1   | Precision | Recall |
+----------+--------+--------+-----------+--------+
|  Label   | 0.0002 | 0.5715 |   0.6940  | 0.5286 |
+----------+--------+--------+-----------+--------+
Epoch 16 dev set: 100%|██████████| 42/42 [00:11<00:00,  3.59it/s]
2023-05-23 15:59:32 - INFO: VALID Label F1 [0.99997584 0.93778515 0.86910995 0.7979798  0.79746835 0.88181818
 0.88888889 0.89655172 0.77402597 0.125      0.71794872 0.73972603
 0.63366337 0.58823529 0.71428571]
2023-05-23 15:59:32 - INFO:
+----------+--------+-----------+--------+
| VALID 16 |   F1   | Precision | Recall |
+----------+--------+-----------+--------+
|  Label   | 0.7575 |   0.8153  | 0.7845 |
|  Entity  | 0.8920 |   0.9215  | 0.8642 |
+----------+--------+-----------+--------+
2023-05-23 15:59:33 - INFO: Saved model to weights/changhai_medbert.pt.
2023-05-23 15:59:33 - INFO: ----------Epoch: 17----------
Training epoch 17: 100%|██████████| 126/126 [02:20<00:00,  1.11s/it]
2023-05-23 16:02:06 - INFO:
+----------+--------+--------+-----------+--------+
| Train 17 |  Loss  |   F1   | Precision | Recall |
+----------+--------+--------+-----------+--------+
|  Label   | 0.0002 | 0.5961 |   0.7204  | 0.5484 |
+----------+--------+--------+-----------+--------+
Epoch 17 dev set: 100%|██████████| 42/42 [00:11<00:00,  3.66it/s]
2023-05-23 16:02:25 - INFO: VALID Label F1 [0.99997934 0.94326092 0.91712707 0.85380117 0.78899083 0.88584475
 0.89393939 0.88888889 0.83625731 0.55172414 0.66666667 0.73239437
 0.75609756 0.5        0.66666667]
2023-05-23 16:02:25 - INFO:
+----------+--------+-----------+--------+
| VALID 17 |   F1   | Precision | Recall |
+----------+--------+-----------+--------+
|  Label   | 0.7921 |   0.8475  | 0.7806 |
|  Entity  | 0.8900 |   0.9280  | 0.8549 |
+----------+--------+-----------+--------+
2023-05-23 16:02:25 - INFO: Epoch did not improve: 1/3.
2023-05-23 16:02:25 - INFO: ----------Epoch: 18----------
Training epoch 18: 100%|██████████| 126/126 [02:13<00:00,  1.06s/it]
2023-05-23 16:04:50 - INFO:
+----------+--------+--------+-----------+--------+
| Train 18 |  Loss  |   F1   | Precision | Recall |
+----------+--------+--------+-----------+--------+
|  Label   | 0.0002 | 0.6251 |   0.8183  | 0.5692 |
+----------+--------+--------+-----------+--------+
Epoch 18 dev set: 100%|██████████| 42/42 [00:11<00:00,  3.71it/s]
2023-05-23 16:05:09 - INFO: VALID Label F1 [0.99997482 0.93577604 0.83018868 0.87958115 0.78208955 0.89400922
 0.89056604 0.86885246 0.73634204 0.55172414 0.7804878  0.75324675
 0.66666667 0.69565217 0.8       ]
2023-05-23 16:05:09 - INFO:
+----------+--------+-----------+--------+
| VALID 18 |   F1   | Precision | Recall |
+----------+--------+-----------+--------+
|  Label   | 0.8043 |   0.7678  | 0.8596 |
|  Entity  | 0.9005 |   0.8963  | 0.9047 |
+----------+--------+-----------+--------+
2023-05-23 16:05:11 - INFO: Saved model to weights/changhai_medbert.pt.
2023-05-23 16:05:11 - INFO: ----------Epoch: 19----------
Training epoch 19: 100%|██████████| 126/126 [02:14<00:00,  1.06s/it]
2023-05-23 16:07:37 - INFO:
+----------+--------+--------+-----------+--------+
| Train 19 |  Loss  |   F1   | Precision | Recall |
+----------+--------+--------+-----------+--------+
|  Label   | 0.0002 | 0.6174 |   0.7492  | 0.5674 |
+----------+--------+--------+-----------+--------+
Epoch 19 dev set: 100%|██████████| 42/42 [00:11<00:00,  3.65it/s]
2023-05-23 16:07:56 - INFO: VALID Label F1 [0.99997715 0.93924943 0.85024155 0.88082902 0.80122324 0.87111111
 0.88389513 0.87242798 0.80939948 0.53333333 0.79069767 0.76315789
 0.74698795 0.76190476 0.61538462]
2023-05-23 16:07:56 - INFO:
+----------+--------+-----------+--------+
| VALID 19 |   F1   | Precision | Recall |
+----------+--------+-----------+--------+
|  Label   | 0.8080 |   0.7711  | 0.8692 |
|  Entity  | 0.9052 |   0.9048  | 0.9057 |
+----------+--------+-----------+--------+
2023-05-23 16:07:57 - INFO: Saved model to weights/changhai_medbert.pt.
2023-05-23 16:07:57 - INFO: ----------Epoch: 20----------
Training epoch 20: 100%|██████████| 126/126 [02:15<00:00,  1.08s/it]
2023-05-23 16:10:25 - INFO:
+----------+--------+--------+-----------+--------+
| Train 20 |  Loss  |   F1   | Precision | Recall |
+----------+--------+--------+-----------+--------+
|  Label   | 0.0002 | 0.6376 |   0.7900  | 0.5845 |
+----------+--------+--------+-----------+--------+
Epoch 20 dev set: 100%|██████████| 42/42 [00:11<00:00,  3.66it/s]
2023-05-23 16:10:44 - INFO: VALID Label F1 [0.99997874 0.93913761 0.87128713 0.88205128 0.87372014 0.94230769
 0.89056604 0.88702929 0.8356546  0.57142857 0.86363636 0.77333333
 0.56910569 0.64       0.6875    ]
2023-05-23 16:10:44 - INFO:
+----------+--------+-----------+--------+
| VALID 20 |   F1   | Precision | Recall |
+----------+--------+-----------+--------+
|  Label   | 0.8151 |   0.7745  | 0.8736 |
|  Entity  | 0.9100 |   0.9134  | 0.9067 |
+----------+--------+-----------+--------+
2023-05-23 16:10:45 - INFO: Saved model to weights/changhai_medbert.pt.
2023-05-23 16:10:45 - INFO: ----------Epoch: 21----------
Training epoch 21: 100%|██████████| 126/126 [02:03<00:00,  1.02it/s]
2023-05-23 16:13:01 - INFO:
+----------+--------+--------+-----------+--------+
| Train 21 |  Loss  |   F1   | Precision | Recall |
+----------+--------+--------+-----------+--------+
|  Label   | 0.0001 | 0.6650 |   0.8304  | 0.6056 |
+----------+--------+--------+-----------+--------+
Epoch 21 dev set: 100%|██████████| 42/42 [00:11<00:00,  3.71it/s]
2023-05-23 16:13:20 - INFO: VALID Label F1 [0.99998127 0.94319131 0.91666667 0.92972973 0.8496732  0.95609756
 0.8973384  0.89539749 0.82608696 0.55555556 0.76190476 0.77333333
 0.76190476 0.76190476 0.88      ]
2023-05-23 16:13:20 - INFO:
+----------+--------+-----------+--------+
| VALID 21 |   F1   | Precision | Recall |
+----------+--------+-----------+--------+
|  Label   | 0.8473 |   0.8342  | 0.8713 |
|  Entity  | 0.9074 |   0.9112  | 0.9036 |
+----------+--------+-----------+--------+
2023-05-23 16:13:20 - INFO: Epoch did not improve: 1/3.
2023-05-23 16:13:20 - INFO: ----------Epoch: 22----------
Training epoch 22: 100%|██████████| 126/126 [02:11<00:00,  1.05s/it]
2023-05-23 16:15:44 - INFO:
+----------+--------+--------+-----------+--------+
| Train 22 |  Loss  |   F1   | Precision | Recall |
+----------+--------+--------+-----------+--------+
|  Label   | 0.0001 | 0.6697 |   0.8047  | 0.6131 |
+----------+--------+--------+-----------+--------+
Epoch 22 dev set: 100%|██████████| 42/42 [00:11<00:00,  3.70it/s]
2023-05-23 16:16:03 - INFO: VALID Label F1 [0.99998018 0.94745691 0.85853659 0.92972973 0.85245902 0.91588785
 0.88721805 0.89166667 0.80939948 0.55555556 0.75       0.79452055
 0.64761905 0.7        0.8       ]
2023-05-23 16:16:03 - INFO:
+----------+--------+-----------+--------+
| VALID 22 |   F1   | Precision | Recall |
+----------+--------+-----------+--------+
|  Label   | 0.8227 |   0.7943  | 0.8723 |
|  Entity  | 0.9070 |   0.9094  | 0.9047 |
+----------+--------+-----------+--------+
2023-05-23 16:16:03 - INFO: Epoch did not improve: 2/3.
2023-05-23 16:16:03 - INFO: ----------Epoch: 23----------
Training epoch 23: 100%|██████████| 126/126 [02:15<00:00,  1.08s/it]
2023-05-23 16:18:31 - INFO:
+----------+--------+--------+-----------+--------+
| Train 23 |  Loss  |   F1   | Precision | Recall |
+----------+--------+--------+-----------+--------+
|  Label   | 0.0001 | 0.6850 |   0.7977  | 0.6293 |
+----------+--------+--------+-----------+--------+
Epoch 23 dev set: 100%|██████████| 42/42 [00:11<00:00,  3.67it/s]
2023-05-23 16:18:50 - INFO: VALID Label F1 [0.9999811  0.94652967 0.88442211 0.92473118 0.86666667 0.88
 0.89393939 0.8879668  0.83615819 0.55172414 0.83333333 0.77333333
 0.70212766 0.81818182 0.78571429]
2023-05-23 16:18:50 - INFO:
+----------+--------+-----------+--------+
| VALID 23 |   F1   | Precision | Recall |
+----------+--------+-----------+--------+
|  Label   | 0.8390 |   0.8064  | 0.8798 |
|  Entity  | 0.9120 |   0.9163  | 0.9078 |
+----------+--------+-----------+--------+
2023-05-23 16:18:51 - INFO: Saved model to weights/changhai_medbert.pt.
2023-05-23 16:18:51 - INFO: ----------Epoch: 24----------
Training epoch 24: 100%|██████████| 126/126 [02:14<00:00,  1.07s/it]
2023-05-23 16:21:19 - INFO:
+----------+--------+--------+-----------+--------+
| Train 24 |  Loss  |   F1   | Precision | Recall |
+----------+--------+--------+-----------+--------+
|  Label   | 0.0001 | 0.6907 |   0.8195  | 0.6320 |
+----------+--------+--------+-----------+--------+
Epoch 24 dev set: 100%|██████████| 42/42 [00:12<00:00,  3.42it/s]
2023-05-23 16:21:40 - INFO: VALID Label F1 [0.9999793  0.94401665 0.87562189 0.92972973 0.88215488 0.8959276
 0.87732342 0.88702929 0.8        0.60606061 0.85714286 0.75324675
 0.63551402 0.69230769 0.70588235]
2023-05-23 16:21:40 - INFO:
+----------+--------+-----------+--------+
| VALID 24 |   F1   | Precision | Recall |
+----------+--------+-----------+--------+
|  Label   | 0.8228 |   0.7619  | 0.9013 |
|  Entity  | 0.9064 |   0.8949  | 0.9181 |
+----------+--------+-----------+--------+
2023-05-23 16:21:40 - INFO: Epoch did not improve: 1/3.
2023-05-23 16:21:40 - INFO: ----------Epoch: 25----------
Training epoch 25: 100%|██████████| 126/126 [02:23<00:00,  1.14s/it]
2023-05-23 16:24:16 - INFO:
+----------+--------+--------+-----------+--------+
| Train 25 |  Loss  |   F1   | Precision | Recall |
+----------+--------+--------+-----------+--------+
|  Label   | 0.0001 | 0.6987 |   0.8129  | 0.6404 |
+----------+--------+--------+-----------+--------+
Epoch 25 dev set: 100%|██████████| 42/42 [00:11<00:00,  3.70it/s]
2023-05-23 16:24:35 - INFO: VALID Label F1 [0.99998078 0.94756711 0.88       0.92972973 0.88215488 0.93838863
 0.88721805 0.89539749 0.81462141 0.58823529 0.89795918 0.74358974
 0.64285714 0.66666667 0.8       ]
2023-05-23 16:24:35 - INFO:
+----------+--------+-----------+--------+
| VALID 25 |   F1   | Precision | Recall |
+----------+--------+-----------+--------+
|  Label   | 0.8343 |   0.7764  | 0.9076 |
|  Entity  | 0.9111 |   0.9041  | 0.9181 |
+----------+--------+-----------+--------+
2023-05-23 16:24:35 - INFO: Epoch did not improve: 2/3.
2023-05-23 16:24:35 - INFO: ----------Epoch: 26----------
Training epoch 26: 100%|██████████| 126/126 [02:14<00:00,  1.07s/it]
2023-05-23 16:27:01 - INFO:
+----------+--------+--------+-----------+--------+
| Train 26 |  Loss  |   F1   | Precision | Recall |
+----------+--------+--------+-----------+--------+
|  Label   | 0.0001 | 0.7086 |   0.8148  | 0.6535 |
+----------+--------+--------+-----------+--------+
Epoch 26 dev set: 100%|██████████| 42/42 [00:11<00:00,  3.75it/s]
2023-05-23 16:27:20 - INFO: VALID Label F1 [0.99997976 0.94615546 0.86407767 0.92972973 0.87919463 0.91666667
 0.87407407 0.89256198 0.80102041 0.60606061 0.86956522 0.77333333
 0.62608696 0.66666667 0.72727273]
2023-05-23 16:27:20 - INFO:
+----------+--------+-----------+--------+
| VALID 26 |   F1   | Precision | Recall |
+----------+--------+-----------+--------+
|  Label   | 0.8248 |   0.7701  | 0.8981 |
|  Entity  | 0.9087 |   0.8995  | 0.9181 |
+----------+--------+-----------+--------+
2023-05-23 16:27:20 - INFO: Epoch did not improve: 3/3.
2023-05-23 16:27:20 - INFO: Early stopping at epoch 26.
2023-05-23 16:27:20 - INFO: Best DEV F1: 0.9120

进程已结束,退出代码0
