/home/bureaux/miniconda3/envs/w2ner/bin/python /home/bureaux/Projects/W2NER/train.py --config ./config/resume-zh.json
2023-04-21 10:13:24 - INFO: dict_items([('dataset', 'resume-zh'), ('save_path', 'weights/resume-zh.pt'), ('dist_emb_size', 20), ('type_emb_size', 20), ('lstm_hid_size', 512), ('conv_hid_size', 96), ('bert_hid_size', 768), ('biaffine_size', 512), ('ffnn_hid_size', 288), ('dilation', [1, 2, 3]), ('emb_dropout', 0.5), ('conv_dropout', 0.5), ('out_dropout', 0.33), ('epochs', 10), ('batch_size', 12), ('learning_rate', 0.001), ('weight_decay', 0), ('clip_grad_norm', 5.0), ('bert_name', 'bert-base-chinese'), ('bert_learning_rate', 5e-06), ('warm_factor', 0.1), ('early_stop_patience', 3), ('use_bert_last_4_layers', True), ('seed', 123), ('config', './config/resume-zh.json'), ('device', 0)])
2023-04-21 10:13:26 - INFO: Loading Data
2023-04-21 10:13:27 - INFO:
+-----------+-----------+----------+
| resume-zh | sentences | entities |
+-----------+-----------+----------+
|   train   |    3819   |  13438   |
|    dev    |    463    |   1497   |
|    test   |    477    |   1630   |
+-----------+-----------+----------+
2023-04-21 10:13:40 - INFO: Building Model
Some weights of the model checkpoint at bert-base-chinese were not used when initializing BertModel: ['cls.predictions.bias', 'cls.predictions.transform.dense.bias', 'cls.predictions.transform.LayerNorm.bias', 'cls.predictions.transform.dense.weight', 'cls.seq_relationship.weight', 'cls.predictions.decoder.weight', 'cls.predictions.transform.LayerNorm.weight', 'cls.seq_relationship.bias']
- This IS expected if you are initializing BertModel from the checkpoint of a model trained on another task or with another architecture (e.g. initializing a BertForSequenceClassification model from a BertForPreTraining model).
- This IS NOT expected if you are initializing BertModel from the checkpoint of a model that you expect to be exactly identical (initializing a BertForSequenceClassification model from a BertForSequenceClassification model).
/home/bureaux/miniconda3/envs/w2ner/lib/python3.8/site-packages/transformers/optimization.py:306: FutureWarning: This implementation of AdamW is deprecated and will be removed in a future version. Use the PyTorch implementation torch.optim.AdamW instead, or set `no_deprecation_warning=True` to disable this warning
  warnings.warn(
2023-04-21 10:13:44 - INFO: ----------Epoch: 0----------
Training epoch 1: 100%|██████████| 318/318 [00:25<00:00, 12.30it/s]
2023-04-21 10:14:12 - INFO:
+---------+--------+--------+-----------+--------+
| Train 1 |  Loss  |   F1   | Precision | Recall |
+---------+--------+--------+-----------+--------+
|  Label  | 0.2037 | 0.1561 |   0.2136  | 0.1650 |
+---------+--------+--------+-----------+--------+
Epoch 1 dev set: 100%|██████████| 39/39 [00:02<00:00, 18.74it/s]
/home/bureaux/miniconda3/envs/w2ner/lib/python3.8/site-packages/sklearn/metrics/_classification.py:1344: UndefinedMetricWarning: Precision and F-score are ill-defined and being set to 0.0 in labels with no predicted samples. Use `zero_division` parameter to control this behavior.
  _warn_prf(average, modifier, msg_start, len(result))
2023-04-21 10:14:15 - INFO: VALID Label F1 [0.99876917 0.97249284 0.66666667 0.11428571 0.         0.20725389
 0.03703704 0.51036269 0.         0.        ]
2023-04-21 10:14:15 - INFO:
+---------+--------+-----------+--------+
| VALID 1 |   F1   | Precision | Recall |
+---------+--------+-----------+--------+
|  Label  | 0.3507 |   0.6733  | 0.3049 |
|  Entity | 0.3535 |   0.9643  | 0.2164 |
+---------+--------+-----------+--------+
Epoch 1 test set: 100%|██████████| 40/40 [00:02<00:00, 17.36it/s]
/home/bureaux/miniconda3/envs/w2ner/lib/python3.8/site-packages/sklearn/metrics/_classification.py:1344: UndefinedMetricWarning: Precision and F-score are ill-defined and being set to 0.0 in labels with no predicted samples. Use `zero_division` parameter to control this behavior.
  _warn_prf(average, modifier, msg_start, len(result))
2023-04-21 10:14:17 - INFO: TEST Label F1 [0.99889356 0.97667656 0.73446328 0.06896552 0.         0.12590799
 0.         0.49815043 0.         0.        ]
2023-04-21 10:14:17 - INFO:
+--------+--------+-----------+--------+
| TEST 1 |   F1   | Precision | Recall |
+--------+--------+-----------+--------+
| Label  | 0.3403 |   0.5724  | 0.3022 |
| Entity | 0.3193 |   0.9936  | 0.1902 |
+--------+--------+-----------+--------+
2023-04-21 10:14:18 - INFO: Saved model to weights/resume-zh.pt.
2023-04-21 10:14:18 - INFO: ----------Epoch: 1----------
Training epoch 2: 100%|██████████| 318/318 [00:48<00:00,  6.51it/s]
2023-04-21 10:15:09 - INFO:
+---------+--------+--------+-----------+--------+
| Train 2 |  Loss  |   F1   | Precision | Recall |
+---------+--------+--------+-----------+--------+
|  Label  | 0.0054 | 0.6669 |   0.8845  | 0.6015 |
+---------+--------+--------+-----------+--------+
Epoch 2 dev set: 100%|██████████| 39/39 [00:02<00:00, 18.79it/s]
2023-04-21 10:15:11 - INFO: VALID Label F1 [0.99963096 0.98423843 0.99090909 0.98507463 0.90322581 0.91452991
 0.91588785 0.88991674 0.88235294 1.        ]
2023-04-21 10:15:11 - INFO:
+---------+--------+-----------+--------+
| VALID 2 |   F1   | Precision | Recall |
+---------+--------+-----------+--------+
|  Label  | 0.9466 |   0.9422  | 0.9521 |
|  Entity | 0.9298 |   0.9393  | 0.9205 |
+---------+--------+-----------+--------+
Epoch 2 test set: 100%|██████████| 40/40 [00:02<00:00, 17.41it/s]
2023-04-21 10:15:14 - INFO: TEST Label F1 [0.99969236 0.98707886 0.99115044 0.94915254 0.96551724 0.91608833
 0.89867841 0.90712353 0.82352941 1.        ]
2023-04-21 10:15:14 - INFO:
+--------+--------+-----------+--------+
| TEST 2 |   F1   | Precision | Recall |
+--------+--------+-----------+--------+
| Label  | 0.9438 |   0.9290  | 0.9596 |
| Entity | 0.9415 |   0.9604  | 0.9233 |
+--------+--------+-----------+--------+
2023-04-21 10:15:15 - INFO: Saved model to weights/resume-zh.pt.
2023-04-21 10:15:15 - INFO: ----------Epoch: 2----------
Training epoch 3: 100%|██████████| 318/318 [00:51<00:00,  6.17it/s]
2023-04-21 10:16:09 - INFO:
+---------+--------+--------+-----------+--------+
| Train 3 |  Loss  |   F1   | Precision | Recall |
+---------+--------+--------+-----------+--------+
|  Label  | 0.0028 | 0.8537 |   0.9027  | 0.8180 |
+---------+--------+--------+-----------+--------+
Epoch 3 dev set: 100%|██████████| 39/39 [00:02<00:00, 17.38it/s]
2023-04-21 10:16:11 - INFO: VALID Label F1 [0.99969413 0.98554872 0.99547511 0.98507463 0.93333333 0.94372294
 0.92105263 0.90757856 0.91891892 1.        ]
2023-04-21 10:16:11 - INFO:
+---------+--------+-----------+--------+
| VALID 3 |   F1   | Precision | Recall |
+---------+--------+-----------+--------+
|  Label  | 0.9590 |   0.9448  | 0.9746 |
|  Entity | 0.9449 |   0.9446  | 0.9452 |
+---------+--------+-----------+--------+
Epoch 3 test set: 100%|██████████| 40/40 [00:02<00:00, 16.41it/s]
2023-04-21 10:16:14 - INFO: TEST Label F1 [0.99976122 0.9875083  0.99115044 0.96551724 0.93333333 0.95708713
 0.90909091 0.93670886 0.85714286 1.        ]
2023-04-21 10:16:14 - INFO:
+--------+--------+-----------+--------+
| TEST 3 |   F1   | Precision | Recall |
+--------+--------+-----------+--------+
| Label  | 0.9537 |   0.9271  | 0.9860 |
| Entity | 0.9539 |   0.9614  | 0.9466 |
+--------+--------+-----------+--------+
2023-04-21 10:16:16 - INFO: Saved model to weights/resume-zh.pt.
2023-04-21 10:16:16 - INFO: ----------Epoch: 3----------
Training epoch 4: 100%|██████████| 318/318 [00:51<00:00,  6.18it/s]
2023-04-21 10:17:10 - INFO:
+---------+--------+--------+-----------+--------+
| Train 4 |  Loss  |   F1   | Precision | Recall |
+---------+--------+--------+-----------+--------+
|  Label  | 0.0020 | 0.9135 |   0.9419  | 0.8914 |
+---------+--------+--------+-----------+--------+
Epoch 4 dev set: 100%|██████████| 39/39 [00:02<00:00, 16.67it/s]
2023-04-21 10:17:13 - INFO: VALID Label F1 [0.99976733 0.99029684 0.99090909 0.98507463 0.93333333 0.94842407
 0.95022624 0.92293578 0.92307692 1.        ]
2023-04-21 10:17:13 - INFO:
+---------+--------+-----------+--------+
| VALID 4 |   F1   | Precision | Recall |
+---------+--------+-----------+--------+
|  Label  | 0.9644 |   0.9479  | 0.9827 |
|  Entity | 0.9479 |   0.9414  | 0.9546 |
+---------+--------+-----------+--------+
Epoch 4 test set: 100%|██████████| 40/40 [00:02<00:00, 15.27it/s]
2023-04-21 10:17:16 - INFO: TEST Label F1 [0.99976817 0.988241   0.99115044 0.96551724 1.         0.95287282
 0.95652174 0.93060498 0.84615385 1.        ]
2023-04-21 10:17:16 - INFO:
+--------+--------+-----------+--------+
| TEST 4 |   F1   | Precision | Recall |
+--------+--------+-----------+--------+
| Label  | 0.9631 |   0.9439  | 0.9868 |
| Entity | 0.9532 |   0.9573  | 0.9491 |
+--------+--------+-----------+--------+
2023-04-21 10:17:17 - INFO: Saved model to weights/resume-zh.pt.
2023-04-21 10:17:17 - INFO: ----------Epoch: 4----------
Training epoch 5: 100%|██████████| 318/318 [00:54<00:00,  5.80it/s]
2023-04-21 10:18:14 - INFO:
+---------+--------+--------+-----------+--------+
| Train 5 |  Loss  |   F1   | Precision | Recall |
+---------+--------+--------+-----------+--------+
|  Label  | 0.0017 | 0.9286 |   0.9505  | 0.9112 |
+---------+--------+--------+-----------+--------+
Epoch 5 dev set: 100%|██████████| 39/39 [00:02<00:00, 16.07it/s]
2023-04-21 10:18:17 - INFO: VALID Label F1 [0.99975271 0.98572556 0.99547511 1.         0.93333333 0.95791001
 0.96744186 0.94197292 0.94736842 1.        ]
2023-04-21 10:18:17 - INFO:
+---------+--------+-----------+--------+
| VALID 5 |   F1   | Precision | Recall |
+---------+--------+-----------+--------+
|  Label  | 0.9729 |   0.9673  | 0.9791 |
|  Entity | 0.9577 |   0.9635  | 0.9519 |
+---------+--------+-----------+--------+
Epoch 5 test set: 100%|██████████| 40/40 [00:02<00:00, 15.32it/s]
2023-04-21 10:18:20 - INFO: TEST Label F1 [0.99978587 0.98733717 0.99555556 1.         1.         0.95963542
 0.98654709 0.94746544 0.90410959 1.        ]
2023-04-21 10:18:20 - INFO:
+--------+--------+-----------+--------+
| TEST 5 |   F1   | Precision | Recall |
+--------+--------+-----------+--------+
| Label  | 0.9780 |   0.9728  | 0.9850 |
| Entity | 0.9612 |   0.9730  | 0.9497 |
+--------+--------+-----------+--------+
2023-04-21 10:18:22 - INFO: Saved model to weights/resume-zh.pt.
2023-04-21 10:18:22 - INFO: ----------Epoch: 5----------
Training epoch 6: 100%|██████████| 318/318 [00:54<00:00,  5.84it/s]
2023-04-21 10:19:19 - INFO:
+---------+--------+--------+-----------+--------+
| Train 6 |  Loss  |   F1   | Precision | Recall |
+---------+--------+--------+-----------+--------+
|  Label  | 0.0015 | 0.9380 |   0.9591  | 0.9206 |
+---------+--------+--------+-----------+--------+
Epoch 6 dev set: 100%|██████████| 39/39 [00:02<00:00, 17.05it/s]
2023-04-21 10:19:21 - INFO: VALID Label F1 [0.99974345 0.98748562 0.99547511 1.         0.93333333 0.94275618
 0.95890411 0.93296089 0.94736842 1.        ]
2023-04-21 10:19:21 - INFO:
+---------+--------+-----------+--------+
| VALID 6 |   F1   | Precision | Recall |
+---------+--------+-----------+--------+
|  Label  | 0.9698 |   0.9569  | 0.9836 |
|  Entity | 0.9537 |   0.9509  | 0.9566 |
+---------+--------+-----------+--------+
Epoch 6 test set: 100%|██████████| 40/40 [00:02<00:00, 14.03it/s]
2023-04-21 10:19:24 - INFO: TEST Label F1 [0.99978207 0.98743093 0.99115044 1.         1.         0.95796178
 0.96069869 0.95229682 0.85714286 1.        ]
2023-04-21 10:19:24 - INFO:
+--------+--------+-----------+--------+
| TEST 6 |   F1   | Precision | Recall |
+--------+--------+-----------+--------+
| Label  | 0.9706 |   0.9539  | 0.9913 |
| Entity | 0.9631 |   0.9643  | 0.9620 |
+--------+--------+-----------+--------+
2023-04-21 10:19:24 - INFO: Epoch did not improve: 1/3.
2023-04-21 10:19:24 - INFO: ----------Epoch: 6----------
Training epoch 7: 100%|██████████| 318/318 [00:55<00:00,  5.68it/s]
2023-04-21 10:20:22 - INFO:
+---------+--------+--------+-----------+--------+
| Train 7 |  Loss  |   F1   | Precision | Recall |
+---------+--------+--------+-----------+--------+
|  Label  | 0.0012 | 0.9452 |   0.9579  | 0.9343 |
+---------+--------+--------+-----------+--------+
Epoch 7 dev set: 100%|██████████| 39/39 [00:02<00:00, 16.26it/s]
2023-04-21 10:20:25 - INFO: VALID Label F1 [0.99976348 0.98713988 0.99547511 1.         0.93333333 0.95292439
 0.96330275 0.94637817 0.94736842 1.        ]
2023-04-21 10:20:25 - INFO:
+---------+--------+-----------+--------+
| VALID 7 |   F1   | Precision | Recall |
+---------+--------+-----------+--------+
|  Label  | 0.9726 |   0.9617  | 0.9842 |
|  Entity | 0.9587 |   0.9561  | 0.9613 |
+---------+--------+-----------+--------+
Epoch 7 test set: 100%|██████████| 40/40 [00:02<00:00, 15.58it/s]
2023-04-21 10:20:28 - INFO: TEST Label F1 [0.99978838 0.98782187 0.99115044 1.         1.         0.95579757
 0.98666667 0.94942325 0.90410959 1.        ]
2023-04-21 10:20:28 - INFO:
+--------+--------+-----------+--------+
| TEST 7 |   F1   | Precision | Recall |
+--------+--------+-----------+--------+
| Label  | 0.9775 |   0.9658  | 0.9909 |
| Entity | 0.9620 |   0.9620  | 0.9620 |
+--------+--------+-----------+--------+
2023-04-21 10:20:30 - INFO: Saved model to weights/resume-zh.pt.
2023-04-21 10:20:30 - INFO: ----------Epoch: 7----------
Training epoch 8: 100%|██████████| 318/318 [00:52<00:00,  6.00it/s]
2023-04-21 10:21:25 - INFO:
+---------+--------+--------+-----------+--------+
| Train 8 |  Loss  |   F1   | Precision | Recall |
+---------+--------+--------+-----------+--------+
|  Label  | 0.0011 | 0.9566 |   0.9629  | 0.9507 |
+---------+--------+--------+-----------+--------+
Epoch 8 dev set: 100%|██████████| 39/39 [00:02<00:00, 17.55it/s]
2023-04-21 10:21:27 - INFO: VALID Label F1 [0.99977196 0.98877698 0.99547511 1.         0.93333333 0.94796864
 0.97247706 0.94227188 0.94736842 1.        ]
2023-04-21 10:21:27 - INFO:
+---------+--------+-----------+--------+
| VALID 8 |   F1   | Precision | Recall |
+---------+--------+-----------+--------+
|  Label  | 0.9727 |   0.9610  | 0.9854 |
|  Entity | 0.9552 |   0.9492  | 0.9613 |
+---------+--------+-----------+--------+
Epoch 8 test set: 100%|██████████| 40/40 [00:02<00:00, 15.32it/s]
2023-04-21 10:21:30 - INFO: TEST Label F1 [0.99977449 0.98652095 0.99115044 1.         1.         0.95902689
 0.98230088 0.94885362 0.88       1.        ]
2023-04-21 10:21:30 - INFO:
+--------+--------+-----------+--------+
| TEST 8 |   F1   | Precision | Recall |
+--------+--------+-----------+--------+
| Label  | 0.9748 |   0.9608  | 0.9915 |
| Entity | 0.9635 |   0.9644  | 0.9626 |
+--------+--------+-----------+--------+
2023-04-21 10:21:30 - INFO: Epoch did not improve: 1/3.
2023-04-21 10:21:30 - INFO: ----------Epoch: 8----------
Training epoch 9: 100%|██████████| 318/318 [00:51<00:00,  6.14it/s]
2023-04-21 10:22:24 - INFO:
+---------+--------+--------+-----------+--------+
| Train 9 |  Loss  |   F1   | Precision | Recall |
+---------+--------+--------+-----------+--------+
|  Label  | 0.0009 | 0.9620 |   0.9738  | 0.9518 |
+---------+--------+--------+-----------+--------+
Epoch 9 dev set: 100%|██████████| 39/39 [00:02<00:00, 18.37it/s]
2023-04-21 10:22:27 - INFO: VALID Label F1 [0.99977504 0.98864127 0.99547511 1.         0.96774194 0.9487909
 0.96774194 0.94470478 0.94736842 1.        ]
2023-04-21 10:22:27 - INFO:
+---------+--------+-----------+--------+
| VALID 9 |   F1   | Precision | Recall |
+---------+--------+-----------+--------+
|  Label  | 0.9760 |   0.9620  | 0.9910 |
|  Entity | 0.9571 |   0.9524  | 0.9619 |
+---------+--------+-----------+--------+
Epoch 9 test set: 100%|██████████| 40/40 [00:02<00:00, 16.53it/s]
2023-04-21 10:22:30 - INFO: TEST Label F1 [0.99979217 0.98758103 0.98678414 1.         1.         0.96153846
 0.98230088 0.95390071 0.88       1.        ]
2023-04-21 10:22:30 - INFO:
+--------+--------+-----------+--------+
| TEST 9 |   F1   | Precision | Recall |
+--------+--------+-----------+--------+
| Label  | 0.9752 |   0.9611  | 0.9920 |
| Entity | 0.9653 |   0.9656  | 0.9650 |
+--------+--------+-----------+--------+
2023-04-21 10:22:30 - INFO: Epoch did not improve: 2/3.
2023-04-21 10:22:30 - INFO: ----------Epoch: 9----------
Training epoch 10: 100%|██████████| 318/318 [00:52<00:00,  6.04it/s]
2023-04-21 10:23:25 - INFO:
+----------+--------+--------+-----------+--------+
| Train 10 |  Loss  |   F1   | Precision | Recall |
+----------+--------+--------+-----------+--------+
|  Label   | 0.0008 | 0.9597 |   0.9686  | 0.9522 |
+----------+--------+--------+-----------+--------+
Epoch 10 dev set: 100%|██████████| 39/39 [00:02<00:00, 18.02it/s]
2023-04-21 10:23:27 - INFO: VALID Label F1 [0.99977581 0.98842809 0.99547511 1.         0.96774194 0.95142857
 0.96330275 0.94579439 0.94736842 1.        ]
2023-04-21 10:23:27 - INFO:
+----------+--------+-----------+--------+
| VALID 10 |   F1   | Precision | Recall |
+----------+--------+-----------+--------+
|  Label   | 0.9759 |   0.9616  | 0.9913 |
|  Entity  | 0.9578 |   0.9536  | 0.9619 |
+----------+--------+-----------+--------+
Epoch 10 test set: 100%|██████████| 40/40 [00:02<00:00, 16.05it/s]
2023-04-21 10:23:30 - INFO: TEST Label F1 [0.99979091 0.98776795 0.98678414 1.         1.         0.95958948
 0.969163   0.95154185 0.88       1.        ]
2023-04-21 10:23:30 - INFO:
+---------+--------+-----------+--------+
| TEST 10 |   F1   | Precision | Recall |
+---------+--------+-----------+--------+
|  Label  | 0.9735 |   0.9585  | 0.9912 |
|  Entity | 0.9641 |   0.9644  | 0.9638 |
+---------+--------+-----------+--------+
2023-04-21 10:23:30 - INFO: Epoch did not improve: 3/3.
2023-04-21 10:23:30 - INFO: Early stopping at epoch 10.
2023-04-21 10:23:30 - INFO: Best DEV F1: 0.9587
2023-04-21 10:23:30 - INFO: Best TEST F1: 0.9620
Epoch Final test set: 100%|██████████| 40/40 [00:02<00:00, 16.26it/s]
2023-04-21 10:23:33 - INFO: TEST Label F1 [0.99978838 0.98782187 0.99115044 1.         1.         0.95579757
 0.98666667 0.94942325 0.90410959 1.        ]
2023-04-21 10:23:33 - INFO:
+------------+--------+-----------+--------+
| TEST Final |   F1   | Precision | Recall |
+------------+--------+-----------+--------+
|   Label    | 0.9775 |   0.9658  | 0.9909 |
|   Entity   | 0.9620 |   0.9620  | 0.9620 |
+------------+--------+-----------+--------+

进程已结束,退出代码0

tensor([[[0, 1, 0, 0, 0, 0, 0, 0, 0, 0, 0, 0, 0, 0, 0, 0, 0, 0, 0],
         [2, 0, 0, 0, 0, 0, 0, 0, 0, 0, 0, 0, 0, 0, 0, 0, 0, 0, 0],
         [0, 0, 0, 0, 0, 0, 0, 0, 0, 0, 0, 0, 0, 0, 0, 0, 0, 0, 0],
         [0, 0, 0, 0, 0, 0, 0, 0, 0, 0, 0, 0, 0, 0, 0, 0, 0, 0, 0],
         [0, 0, 0, 0, 0, 0, 0, 0, 0, 0, 0, 0, 0, 0, 0, 0, 0, 0, 0],
         [0, 0, 0, 0, 0, 0, 1, 0, 0, 0, 0, 0, 0, 0, 0, 0, 0, 0, 0],
         [0, 0, 0, 0, 0, 0, 0, 1, 0, 0, 0, 0, 0, 0, 0, 0, 0, 0, 0],
         [0, 0, 0, 0, 0, 0, 0, 0, 1, 0, 0, 0, 0, 0, 0, 0, 0, 0, 0],
         [0, 0, 0, 0, 0, 3, 0, 0, 0, 0, 0, 0, 0, 0, 0, 0, 0, 0, 0],
         [0, 0, 0, 0, 0, 0, 0, 0, 0, 0, 0, 0, 0, 0, 0, 0, 0, 0, 0],
         [0, 0, 0, 0, 0, 0, 0, 0, 0, 0, 0, 0, 0, 0, 0, 0, 0, 0, 0],
         [0, 0, 0, 0, 0, 0, 0, 0, 0, 0, 0, 0, 0, 0, 0, 0, 0, 0, 0],
         [0, 0, 0, 0, 0, 0, 0, 0, 0, 0, 0, 0, 0, 0, 0, 0, 0, 0, 0],
         [0, 0, 0, 0, 0, 0, 0, 0, 0, 0, 0, 0, 0, 0, 0, 0, 0, 0, 0],
         [0, 0, 0, 0, 0, 0, 0, 0, 0, 0, 0, 0, 0, 0, 0, 0, 0, 0, 0],
         [0, 0, 0, 0, 0, 0, 0, 0, 0, 0, 0, 0, 0, 0, 0, 0, 0, 0, 0],
         [0, 0, 0, 0, 0, 0, 0, 0, 0, 0, 0, 0, 0, 0, 0, 0, 0, 0, 0],
         [0, 0, 0, 0, 0, 0, 0, 0, 0, 0, 0, 0, 0, 0, 0, 0, 0, 0, 0],
         [0, 0, 0, 0, 0, 0, 0, 0, 0, 0, 0, 0, 0, 0, 0, 0, 0, 0, 0]],

        [[0, 0, 0, 0, 0, 0, 0, 0, 0, 0, 0, 0, 0, 0, 0, 0, 0, 0, 0],
         [0, 0, 0, 0, 0, 0, 0, 0, 0, 0, 0, 0, 0, 0, 0, 0, 0, 0, 0],
         [0, 0, 0, 1, 0, 0, 0, 0, 0, 0, 0, 0, 0, 0, 0, 0, 0, 0, 0],
         [0, 0, 0, 0, 1, 0, 0, 0, 0, 0, 0, 0, 0, 0, 0, 0, 0, 0, 0],
         [0, 0, 0, 0, 0, 1, 0, 0, 0, 0, 0, 0, 0, 0, 0, 0, 0, 0, 0],
         [0, 0, 0, 0, 0, 0, 1, 0, 0, 0, 0, 0, 0, 0, 0, 0, 0, 0, 0],
         [0, 0, 0, 0, 0, 0, 0, 1, 0, 0, 0, 0, 0, 0, 0, 0, 0, 0, 0],
         [0, 0, 0, 0, 0, 0, 0, 0, 1, 0, 0, 0, 0, 0, 0, 0, 0, 0, 0],
         [0, 0, 0, 0, 0, 0, 0, 0, 0, 1, 0, 0, 0, 0, 0, 0, 0, 0, 0],
         [0, 0, 0, 0, 0, 0, 0, 0, 0, 0, 1, 0, 0, 0, 0, 0, 0, 0, 0],
         [0, 0, 0, 0, 0, 0, 0, 0, 0, 0, 0, 1, 0, 0, 0, 0, 0, 0, 0],
         [0, 0, 0, 0, 0, 0, 0, 0, 0, 0, 0, 0, 1, 0, 0, 0, 0, 0, 0],
         [0, 0, 0, 0, 0, 0, 0, 0, 0, 0, 0, 0, 0, 1, 0, 0, 0, 0, 0],
         [0, 0, 0, 0, 0, 0, 0, 0, 0, 0, 0, 0, 0, 0, 1, 0, 0, 0, 0],
         [0, 0, 7, 0, 0, 0, 0, 0, 0, 0, 0, 0, 0, 0, 0, 0, 0, 0, 0],
         [0, 0, 0, 0, 0, 0, 0, 0, 0, 0, 0, 0, 0, 0, 0, 0, 1, 0, 0],
         [0, 0, 0, 0, 0, 0, 0, 0, 0, 0, 0, 0, 0, 0, 0, 0, 0, 1, 0],
         [0, 0, 0, 0, 0, 0, 0, 0, 0, 0, 0, 0, 0, 0, 0, 5, 0, 0, 0],
         [0, 0, 0, 0, 0, 0, 0, 0, 0, 0, 0, 0, 0, 0, 0, 0, 0, 0, 0]]])
['0-1', '2']
高勇，男，中国国籍，无境外居留权。
['5-6-7-8', '3']
高勇，男，中国国籍，无境外居留权。
['15-16-17', '5']
现任浙江康恩贝健康产品有限公司总经理。
['2-3-4-5-6-7-8-9-10-11-12-13-14', '7']
现任浙江康恩贝健康产品有限公司总经理。
[{
    "text": ["高", "勇", "，", "男", "，", "中", "国", "国", "籍", "，", "无", "境", "外", "居", "留", "权", "。"],
    "entities": [
        [
            ["中", "国", "国", "籍"], "cont", [5, 6, 7, 8]
        ],
        [
            ["高", "勇"], "name", [0, 1]
        ]
    ]
}, {
    "text": ["现", "任", "浙", "江", "康", "恩", "贝", "健", "康", "产", "品", "有", "限", "公", "司", "总", "经", "理", "。"],
    "entities": [
        [
            ["总", "经", "理"], "title", [15, 16, 17]
        ],
        [
            ["浙", "江", "康", "恩", "贝", "健", "康", "产", "品", "有", "限", "公", "司"], "org", [2, 3, 4, 5, 6, 7, 8, 9, 10, 11, 12, 13, 14]
        ]
    ]
}]